[2026-06-21 16:08:15] local.ERROR: SQLSTATE[HY000] [2002] No connection could be made because the target machine actively refused it (Connection: mysql, Host: 127.0.0.1, Port: 3306, Database: projectcctanah, SQL: select exists (select 1 from information_schema.tables where table_schema = schema() and table_name = 'migrations' and table_type in ('BASE TABLE', 'SYSTEM VERSIONED')) as `exists`) {"exception":"[object] (Illuminate\\Database\\QueryException(code: 2002): SQLSTATE[HY000] [2002] No connection could be made because the target machine actively refused it (Connection: mysql, Host: 127.0.0.1, Port: 3306, Database: projectcctanah, SQL: select exists (select 1 from information_schema.tables where table_schema = schema() and table_name = 'migrations' and table_type in ('BASE TABLE', 'SYSTEM VERSIONED')) as `exists`) at C:/Windows/System32/ProjectCCTanah/vendor/laravel/framework/src/Illuminate/Database/Connection.php:843)
[stacktrace]
#0 C:/Windows/System32/ProjectCCTanah/vendor/laravel/framework/src/Illuminate/Database/Connection.php(1023): Illuminate/Database/Connection->runQueryCallback()
#1 C:/Windows/System32/ProjectCCTanah/vendor/laravel/framework/src/Illuminate/Database/Connection.php(1002): Illuminate/Database/Connection->tryAgainIfCausedByLostConnection()
#2 C:/Windows/System32/ProjectCCTanah/vendor/laravel/framework/src/Illuminate/Database/Connection.php(801): Illuminate/Database/Connection->handleQueryException()
#3 C:/Windows/System32/ProjectCCTanah/vendor/laravel/framework/src/Illuminate/Database/Connection.php(412): Illuminate/Database/Connection->run()
#4 C:/Windows/System32/ProjectCCTanah/vendor/laravel/framework/src/Illuminate/Database/Connection.php(357): Illuminate/Database/Connection->select()
#5 C:/Windows/System32/ProjectCCTanah/vendor/laravel/framework/src/Illuminate/Database/Connection.php(374): Illuminate/Database/Connection->selectOne()
#6 C:/Windows/System32/ProjectCCTanah/vendor/laravel/framework/src/Illuminate/Database/Schema/Builder.php(176): Illuminate/Database/Connection->scalar()
#7 C:/Windows/System32/ProjectCCTanah/vendor/laravel/framework/src/Illuminate/Database/Migrations/DatabaseMigrationRepository.php(185): Illuminate/Database/Schema/Builder->hasTable()
#8 C:/Windows/System32/ProjectCCTanah/vendor/laravel/framework/src/Illuminate/Database/Migrations/Migrator.php(758): Illuminate/Database/Migrations/DatabaseMigrationRepository->repositoryExists()
#9 C:/Windows/System32/ProjectCCTanah/vendor/laravel/framework/src/Illuminate/Database/Console/Migrations/MigrateCommand.php(166): Illuminate/Database/Migrations/Migrator->repositoryExists()
#10 C:/Windows/System32/ProjectCCTanah/vendor/laravel/framework/src/Illuminate/Support/helpers.php(328): Illuminate/Database/Console/Migrations/MigrateCommand->{closure:Illuminate/Database/Console/Migrations/MigrateCommand::repositoryExists():166}()
#11 C:/Windows/System32/ProjectCCTanah/vendor/laravel/framework/src/Illuminate/Database/Console/Migrations/MigrateCommand.php(166): retry()
#12 C:/Windows/System32/ProjectCCTanah/vendor/laravel/framework/src/Illuminate/Database/Console/Migrations/MigrateCommand.php(142): Illuminate/Database/Console/Migrations/MigrateCommand->repositoryExists()
#13 C:/Windows/System32/ProjectCCTanah/vendor/laravel/framework/src/Illuminate/Database/Console/Migrations/MigrateCommand.php(112): Illuminate/Database/Console/Migrations/MigrateCommand->prepareDatabase()
#14 C:/Windows/System32/ProjectCCTanah/vendor/laravel/framework/src/Illuminate/Database/Migrations/Migrator.php(671): Illuminate/Database/Console/Migrations/MigrateCommand->{closure:Illuminate/Database/Console/Migrations/MigrateCommand::runMigrations():111}()
#15 C:/Windows/System32/ProjectCCTanah/vendor/laravel/framework/src/Illuminate/Database/Console/Migrations/MigrateCommand.php(111): Illuminate/Database/Migrations/Migrator->usingConnection()
#16 C:/Windows/System32/ProjectCCTanah/vendor/laravel/framework/src/Illuminate/Database/Console/Migrations/MigrateCommand.php(90): Illuminate/Database/Console/Migrations/MigrateCommand->runMigrations()
#17 C:/Windows/System32/ProjectCCTanah/vendor/laravel/framework/src/Illuminate/Container/BoundMethod.php(36): Illuminate/Database/Console/Migrations/MigrateCommand->handle()
#18 C:/Windows/System32/ProjectCCTanah/vendor/laravel/framework/src/Illuminate/Container/Util.php(43): Illuminate/Container/BoundMethod::{closure:Illuminate/Container/BoundMethod::call():35}()
#19 C:/Windows/System32/ProjectCCTanah/vendor/laravel/framework/src/Illuminate/Container/BoundMethod.php(96): Illuminate/Container/Util::unwrapIfClosure()
#20 C:/Windows/System32/ProjectCCTanah/vendor/laravel/framework/src/Illuminate/Container/BoundMethod.php(35): Illuminate/Container/BoundMethod::callBoundMethod()
#21 C:/Windows/System32/ProjectCCTanah/vendor/laravel/framework/src/Illuminate/Container/Container.php(799): Illuminate/Container/BoundMethod::call()
#22 C:/Windows/System32/ProjectCCTanah/vendor/laravel/framework/src/Illuminate/Console/Command.php(280): Illuminate/Container/Container->call()
#23 C:/Windows/System32/ProjectCCTanah/vendor/symfony/console/Command/Command.php(284): Illuminate/Console/Command->execute()
#24 C:/Windows/System32/ProjectCCTanah/vendor/laravel/framework/src/Illuminate/Console/Command.php(249): Symfony/Component/Console/Command/Command->run()
#25 C:/Windows/System32/ProjectCCTanah/vendor/symfony/console/Application.php(1144): Illuminate/Console/Command->run()
#26 C:/Windows/System32/ProjectCCTanah/vendor/symfony/console/Application.php(379): Symfony/Component/Console/Application->doRunCommand()
#27 C:/Windows/System32/ProjectCCTanah/vendor/symfony/console/Application.php(218): Symfony/Component/Console/Application->doRun()
#28 C:/Windows/System32/ProjectCCTanah/vendor/laravel/framework/src/Illuminate/Foundation/Console/Kernel.php(198): Symfony/Component/Console/Application->run()
#29 C:/Windows/System32/ProjectCCTanah/vendor/laravel/framework/src/Illuminate/Foundation/Application.php(1235): Illuminate/Foundation/Console/Kernel->handle()
#30 C:/Windows/System32/ProjectCCTanah/artisan(16): Illuminate/Foundation/Application->handleCommand()
#31 {main}

[previous exception] [object] (PDOException(code: 2002): SQLSTATE[HY000] [2002] No connection could be made because the target machine actively refused it at C:/Windows/System32/ProjectCCTanah/vendor/laravel/framework/src/Illuminate/Database/Connectors/Connector.php:67)
[stacktrace]
#0 C:/Windows/System32/ProjectCCTanah/vendor/laravel/framework/src/Illuminate/Database/Connectors/Connector.php(67): PDO::connect()
#1 C:/Windows/System32/ProjectCCTanah/vendor/laravel/framework/src/Illuminate/Database/Connectors/Connector.php(85): Illuminate/Database/Connectors/Connector->createPdoConnection()
#2 C:/Windows/System32/ProjectCCTanah/vendor/laravel/framework/src/Illuminate/Database/Connectors/Connector.php(48): Illuminate/Database/Connectors/Connector->tryAgainIfCausedByLostConnection()
#3 C:/Windows/System32/ProjectCCTanah/vendor/laravel/framework/src/Illuminate/Database/Connectors/MySqlConnector.php(24): Illuminate/Database/Connectors/Connector->createConnection()
#4 C:/Windows/System32/ProjectCCTanah/vendor/laravel/framework/src/Illuminate/Database/Connectors/ConnectionFactory.php(188): Illuminate/Database/Connectors/MySqlConnector->connect()
#5 [internal function]: Illuminate/Database/Connectors/ConnectionFactory->{closure:Illuminate/Database/Connectors/ConnectionFactory::createPdoResolverWithHosts():181}()
#6 C:/Windows/System32/ProjectCCTanah/vendor/laravel/framework/src/Illuminate/Database/Connection.php(1281): call_user_func()
#7 C:/Windows/System32/ProjectCCTanah/vendor/laravel/framework/src/Illuminate/Database/Connection.php(1319): Illuminate/Database/Connection->getPdo()
#8 C:/Windows/System32/ProjectCCTanah/vendor/laravel/framework/src/Illuminate/Database/Connection.php(528): Illuminate/Database/Connection->getReadPdo()
#9 C:/Windows/System32/ProjectCCTanah/vendor/laravel/framework/src/Illuminate/Database/Connection.php(421): Illuminate/Database/Connection->getPdoForSelect()
#10 C:/Windows/System32/ProjectCCTanah/vendor/laravel/framework/src/Illuminate/Database/Connection.php(832): Illuminate/Database/Connection->{closure:Illuminate/Database/Connection::select():412}()
#11 C:/Windows/System32/ProjectCCTanah/vendor/laravel/framework/src/Illuminate/Database/Connection.php(1023): Illuminate/Database/Connection->runQueryCallback()
#12 C:/Windows/System32/ProjectCCTanah/vendor/laravel/framework/src/Illuminate/Database/Connection.php(1002): Illuminate/Database/Connection->tryAgainIfCausedByLostConnection()
#13 C:/Windows/System32/ProjectCCTanah/vendor/laravel/framework/src/Illuminate/Database/Connection.php(801): Illuminate/Database/Connection->handleQueryException()
#14 C:/Windows/System32/ProjectCCTanah/vendor/laravel/framework/src/Illuminate/Database/Connection.php(412): Illuminate/Database/Connection->run()
#15 C:/Windows/System32/ProjectCCTanah/vendor/laravel/framework/src/Illuminate/Database/Connection.php(357): Illuminate/Database/Connection->select()
#16 C:/Windows/System32/ProjectCCTanah/vendor/laravel/framework/src/Illuminate/Database/Connection.php(374): Illuminate/Database/Connection->selectOne()
#17 C:/Windows/System32/ProjectCCTanah/vendor/laravel/framework/src/Illuminate/Database/Schema/Builder.php(176): Illuminate/Database/Connection->scalar()
#18 C:/Windows/System32/ProjectCCTanah/vendor/laravel/framework/src/Illuminate/Database/Migrations/DatabaseMigrationRepository.php(185): Illuminate/Database/Schema/Builder->hasTable()
#19 C:/Windows/System32/ProjectCCTanah/vendor/laravel/framework/src/Illuminate/Database/Migrations/Migrator.php(758): Illuminate/Database/Migrations/DatabaseMigrationRepository->repositoryExists()
#20 C:/Windows/System32/ProjectCCTanah/vendor/laravel/framework/src/Illuminate/Database/Console/Migrations/MigrateCommand.php(166): Illuminate/Database/Migrations/Migrator->repositoryExists()
#21 C:/Windows/System32/ProjectCCTanah/vendor/laravel/framework/src/Illuminate/Support/helpers.php(328): Illuminate/Database/Console/Migrations/MigrateCommand->{closure:Illuminate/Database/Console/Migrations/MigrateCommand::repositoryExists():166}()
#22 C:/Windows/System32/ProjectCCTanah/vendor/laravel/framework/src/Illuminate/Database/Console/Migrations/MigrateCommand.php(166): retry()
#23 C:/Windows/System32/ProjectCCTanah/vendor/laravel/framework/src/Illuminate/Database/Console/Migrations/MigrateCommand.php(142): Illuminate/Database/Console/Migrations/MigrateCommand->repositoryExists()
#24 C:/Windows/System32/ProjectCCTanah/vendor/laravel/framework/src/Illuminate/Database/Console/Migrations/MigrateCommand.php(112): Illuminate/Database/Console/Migrations/MigrateCommand->prepareDatabase()
#25 C:/Windows/System32/ProjectCCTanah/vendor/laravel/framework/src/Illuminate/Database/Migrations/Migrator.php(671): Illuminate/Database/Console/Migrations/MigrateCommand->{closure:Illuminate/Database/Console/Migrations/MigrateCommand::runMigrations():111}()
#26 C:/Windows/System32/ProjectCCTanah/vendor/laravel/framework/src/Illuminate/Database/Console/Migrations/MigrateCommand.php(111): Illuminate/Database/Migrations/Migrator->usingConnection()
#27 C:/Windows/System32/ProjectCCTanah/vendor/laravel/framework/src/Illuminate/Database/Console/Migrations/MigrateCommand.php(90): Illuminate/Database/Console/Migrations/MigrateCommand->runMigrations()
#28 C:/Windows/System32/ProjectCCTanah/vendor/laravel/framework/src/Illuminate/Container/BoundMethod.php(36): Illuminate/Database/Console/Migrations/MigrateCommand->handle()
#29 C:/Windows/System32/ProjectCCTanah/vendor/laravel/framework/src/Illuminate/Container/Util.php(43): Illuminate/Container/BoundMethod::{closure:Illuminate/Container/BoundMethod::call():35}()
#30 C:/Windows/System32/ProjectCCTanah/vendor/laravel/framework/src/Illuminate/Container/BoundMethod.php(96): Illuminate/Container/Util::unwrapIfClosure()
#31 C:/Windows/System32/ProjectCCTanah/vendor/laravel/framework/src/Illuminate/Container/BoundMethod.php(35): Illuminate/Container/BoundMethod::callBoundMethod()
#32 C:/Windows/System32/ProjectCCTanah/vendor/laravel/framework/src/Illuminate/Container/Container.php(799): Illuminate/Container/BoundMethod::call()
#33 C:/Windows/System32/ProjectCCTanah/vendor/laravel/framework/src/Illuminate/Console/Command.php(280): Illuminate/Container/Container->call()
#34 C:/Windows/System32/ProjectCCTanah/vendor/symfony/console/Command/Command.php(284): Illuminate/Console/Command->execute()
#35 C:/Windows/System32/ProjectCCTanah/vendor/laravel/framework/src/Illuminate/Console/Command.php(249): Symfony/Component/Console/Command/Command->run()
#36 C:/Windows/System32/ProjectCCTanah/vendor/symfony/console/Application.php(1144): Illuminate/Console/Command->run()
#37 C:/Windows/System32/ProjectCCTanah/vendor/symfony/console/Application.php(379): Symfony/Component/Console/Application->doRunCommand()
#38 C:/Windows/System32/ProjectCCTanah/vendor/symfony/console/Application.php(218): Symfony/Component/Console/Application->doRun()
#39 C:/Windows/System32/ProjectCCTanah/vendor/laravel/framework/src/Illuminate/Foundation/Console/Kernel.php(198): Symfony/Component/Console/Application->run()
#40 C:/Windows/System32/ProjectCCTanah/vendor/laravel/framework/src/Illuminate/Foundation/Application.php(1235): Illuminate/Foundation/Console/Kernel->handle()
#41 C:/Windows/System32/ProjectCCTanah/artisan(16): Illuminate/Foundation/Application->handleCommand()
#42 {main}
"} 
[2026-06-21 16:23:57] local.ERROR: rename(C:\Users\laila qadri\OneDrive\Documents\ProjectCCTanah\bootstrap\cache\pacE1DF.tmp,C:\Users\laila qadri\OneDrive\Documents\ProjectCCTanah\bootstrap\cache\packages.php): Access is denied (code: 5) {"exception":"[object] (ErrorException(code: 0): rename(C:\\Users\\laila qadri\\OneDrive\\Documents\\ProjectCCTanah\\bootstrap\\cache\\pacE1DF.tmp,C:\\Users\\laila qadri\\OneDrive\\Documents\\ProjectCCTanah\\bootstrap\\cache\\packages.php): Access is denied (code: 5) at C:/Users/laila qadri/OneDrive/Documents/ProjectCCTanah/vendor/laravel/framework/src/Illuminate/Filesystem/Filesystem.php:233)
[stacktrace]
#0 C:/Users/laila qadri/OneDrive/Documents/ProjectCCTanah/vendor/laravel/framework/src/Illuminate/Foundation/Bootstrap/HandleExceptions.php(263): Illuminate/Foundation/Bootstrap/HandleExceptions->handleError()
#1 [internal function]: Illuminate/Foundation/Bootstrap/HandleExceptions->{closure:Illuminate/Foundation/Bootstrap/HandleExceptions::forwardsTo():262}()
#2 C:/Users/laila qadri/OneDrive/Documents/ProjectCCTanah/vendor/laravel/framework/src/Illuminate/Filesystem/Filesystem.php(233): rename()
#3 C:/Users/laila qadri/OneDrive/Documents/ProjectCCTanah/vendor/laravel/framework/src/Illuminate/Foundation/PackageManifest.php(182): Illuminate/Filesystem/Filesystem->replace()
#4 C:/Users/laila qadri/OneDrive/Documents/ProjectCCTanah/vendor/laravel/framework/src/Illuminate/Foundation/PackageManifest.php(132): Illuminate/Foundation/PackageManifest->write()
#5 C:/Users/laila qadri/OneDrive/Documents/ProjectCCTanah/vendor/laravel/framework/src/Illuminate/Foundation/Console/PackageDiscoverCommand.php(37): Illuminate/Foundation/PackageManifest->build()
#6 C:/Users/laila qadri/OneDrive/Documents/ProjectCCTanah/vendor/laravel/framework/src/Illuminate/Container/BoundMethod.php(36): Illuminate/Foundation/Console/PackageDiscoverCommand->handle()
#7 C:/Users/laila qadri/OneDrive/Documents/ProjectCCTanah/vendor/laravel/framework/src/Illuminate/Container/Util.php(43): Illuminate/Container/BoundMethod::{closure:Illuminate/Container/BoundMethod::call():35}()
#8 C:/Users/laila qadri/OneDrive/Documents/ProjectCCTanah/vendor/laravel/framework/src/Illuminate/Container/BoundMethod.php(96): Illuminate/Container/Util::unwrapIfClosure()
#9 C:/Users/laila qadri/OneDrive/Documents/ProjectCCTanah/vendor/laravel/framework/src/Illuminate/Container/BoundMethod.php(35): Illuminate/Container/BoundMethod::callBoundMethod()
#10 C:/Users/laila qadri/OneDrive/Documents/ProjectCCTanah/vendor/laravel/framework/src/Illuminate/Container/Container.php(799): Illuminate/Container/BoundMethod::call()
#11 C:/Users/laila qadri/OneDrive/Documents/ProjectCCTanah/vendor/laravel/framework/src/Illuminate/Console/Command.php(280): Illuminate/Container/Container->call()
#12 C:/Users/laila qadri/OneDrive/Documents/ProjectCCTanah/vendor/symfony/console/Command/Command.php(284): Illuminate/Console/Command->execute()
#13 C:/Users/laila qadri/OneDrive/Documents/ProjectCCTanah/vendor/laravel/framework/src/Illuminate/Console/Command.php(249): Symfony/Component/Console/Command/Command->run()
#14 C:/Users/laila qadri/OneDrive/Documents/ProjectCCTanah/vendor/symfony/console/Application.php(1144): Illuminate/Console/Command->run()
#15 C:/Users/laila qadri/OneDrive/Documents/ProjectCCTanah/vendor/symfony/console/Application.php(379): Symfony/Component/Console/Application->doRunCommand()
#16 C:/Users/laila qadri/OneDrive/Documents/ProjectCCTanah/vendor/symfony/console/Application.php(218): Symfony/Component/Console/Application->doRun()
#17 C:/Users/laila qadri/OneDrive/Documents/ProjectCCTanah/vendor/laravel/framework/src/Illuminate/Foundation/Console/Kernel.php(198): Symfony/Component/Console/Application->run()
#18 C:/Users/laila qadri/OneDrive/Documents/ProjectCCTanah/vendor/laravel/framework/src/Illuminate/Foundation/Application.php(1235): Illuminate/Foundation/Console/Kernel->handle()
#19 C:/Users/laila qadri/OneDrive/Documents/ProjectCCTanah/artisan(16): Illuminate/Foundation/Application->handleCommand()
#20 {main}
"} 
[2026-06-21 17:04:55] local.ERROR: SQLSTATE[HY000] [2002] No connection could be made because the target machine actively refused it (Connection: mysql, Host: 127.0.0.1, Port: 3306, Database: iot_monitoring_tanah, SQL: select * from `sessions` where `id` = qyEItKLjymzniSTrnUmumM6KwurP9AjuFS5WlucF limit 1) {"exception":"[object] (Illuminate\\Database\\QueryException(code: 2002): SQLSTATE[HY000] [2002] No connection could be made because the target machine actively refused it (Connection: mysql, Host: 127.0.0.1, Port: 3306, Database: iot_monitoring_tanah, SQL: select * from `sessions` where `id` = qyEItKLjymzniSTrnUmumM6KwurP9AjuFS5WlucF limit 1) at C:/Users/laila qadri/OneDrive/Documents/ProjectCCTanah/vendor/laravel/framework/src/Illuminate/Database/Connection.php:843)
[stacktrace]
#0 C:/Users/laila qadri/OneDrive/Documents/ProjectCCTanah/vendor/laravel/framework/src/Illuminate/Database/Connection.php(1023): Illuminate/Database/Connection->runQueryCallback()
#1 C:/Users/laila qadri/OneDrive/Documents/ProjectCCTanah/vendor/laravel/framework/src/Illuminate/Database/Connection.php(1002): Illuminate/Database/Connection->tryAgainIfCausedByLostConnection()
#2 C:/Users/laila qadri/OneDrive/Documents/ProjectCCTanah/vendor/laravel/framework/src/Illuminate/Database/Connection.php(801): Illuminate/Database/Connection->handleQueryException()
#3 C:/Users/laila qadri/OneDrive/Documents/ProjectCCTanah/vendor/laravel/framework/src/Illuminate/Database/Connection.php(412): Illuminate/Database/Connection->run()
#4 C:/Users/laila qadri/OneDrive/Documents/ProjectCCTanah/vendor/laravel/framework/src/Illuminate/Database/Query/Builder.php(3573): Illuminate/Database/Connection->select()
#5 C:/Users/laila qadri/OneDrive/Documents/ProjectCCTanah/vendor/laravel/framework/src/Illuminate/Database/Query/Builder.php(3557): Illuminate/Database/Query/Builder->runSelect()
#6 C:/Users/laila qadri/OneDrive/Documents/ProjectCCTanah/vendor/laravel/framework/src/Illuminate/Database/Concerns/BuildsQueries.php(366): Illuminate/Database/Query/Builder->get()
#7 C:/Users/laila qadri/OneDrive/Documents/ProjectCCTanah/vendor/laravel/framework/src/Illuminate/Database/Query/Builder.php(3475): Illuminate/Database/Query/Builder->first()
#8 C:/Users/laila qadri/OneDrive/Documents/ProjectCCTanah/vendor/laravel/framework/src/Illuminate/Session/DatabaseSessionHandler.php(96): Illuminate/Database/Query/Builder->find()
#9 C:/Users/laila qadri/OneDrive/Documents/ProjectCCTanah/vendor/laravel/framework/src/Illuminate/Session/Store.php(128): Illuminate/Session/DatabaseSessionHandler->read()
#10 C:/Users/laila qadri/OneDrive/Documents/ProjectCCTanah/vendor/laravel/framework/src/Illuminate/Session/Store.php(116): Illuminate/Session/Store->readFromHandler()
#11 C:/Users/laila qadri/OneDrive/Documents/ProjectCCTanah/vendor/laravel/framework/src/Illuminate/Session/Store.php(100): Illuminate/Session/Store->loadSession()
#12 C:/Users/laila qadri/OneDrive/Documents/ProjectCCTanah/vendor/laravel/framework/src/Illuminate/Session/Middleware/StartSession.php(146): Illuminate/Session/Store->start()
#13 C:/Users/laila qadri/OneDrive/Documents/ProjectCCTanah/vendor/laravel/framework/src/Illuminate/Support/helpers.php(393): Illuminate/Session/Middleware/StartSession->{closure:Illuminate/Session/Middleware/StartSession::startSession():143}()
#14 C:/Users/laila qadri/OneDrive/Documents/ProjectCCTanah/vendor/laravel/framework/src/Illuminate/Session/Middleware/StartSession.php(143): tap()
#15 C:/Users/laila qadri/OneDrive/Documents/ProjectCCTanah/vendor/laravel/framework/src/Illuminate/Session/Middleware/StartSession.php(115): Illuminate/Session/Middleware/StartSession->startSession()
#16 C:/Users/laila qadri/OneDrive/Documents/ProjectCCTanah/vendor/laravel/framework/src/Illuminate/Session/Middleware/StartSession.php(63): Illuminate/Session/Middleware/StartSession->handleStatefulRequest()
#17 C:/Users/laila qadri/OneDrive/Documents/ProjectCCTanah/vendor/laravel/framework/src/Illuminate/Pipeline/Pipeline.php(219): Illuminate/Session/Middleware/StartSession->handle()
#18 C:/Users/laila qadri/OneDrive/Documents/ProjectCCTanah/vendor/laravel/framework/src/Illuminate/Cookie/Middleware/AddQueuedCookiesToResponse.php(36): Illuminate/Pipeline/Pipeline->{closure:{closure:Illuminate/Pipeline/Pipeline::carry():194}:195}()
#19 C:/Users/laila qadri/OneDrive/Documents/ProjectCCTanah/vendor/laravel/framework/src/Illuminate/Pipeline/Pipeline.php(219): Illuminate/Cookie/Middleware/AddQueuedCookiesToResponse->handle()
#20 C:/Users/laila qadri/OneDrive/Documents/ProjectCCTanah/vendor/laravel/framework/src/Illuminate/Cookie/Middleware/EncryptCookies.php(74): Illuminate/Pipeline/Pipeline->{closure:{closure:Illuminate/Pipeline/Pipeline::carry():194}:195}()
#21 C:/Users/laila qadri/OneDrive/Documents/ProjectCCTanah/vendor/laravel/framework/src/Illuminate/Pipeline/Pipeline.php(219): Illuminate/Cookie/Middleware/EncryptCookies->handle()
#22 C:/Users/laila qadri/OneDrive/Documents/ProjectCCTanah/vendor/laravel/framework/src/Illuminate/Pipeline/Pipeline.php(137): Illuminate/Pipeline/Pipeline->{closure:{closure:Illuminate/Pipeline/Pipeline::carry():194}:195}()
#23 C:/Users/laila qadri/OneDrive/Documents/ProjectCCTanah/vendor/laravel/framework/src/Illuminate/Routing/Router.php(821): Illuminate/Pipeline/Pipeline->then()
#24 C:/Users/laila qadri/OneDrive/Documents/ProjectCCTanah/vendor/laravel/framework/src/Illuminate/Routing/Router.php(800): Illuminate/Routing/Router->runRouteWithinStack()
#25 C:/Users/laila qadri/OneDrive/Documents/ProjectCCTanah/vendor/laravel/framework/src/Illuminate/Routing/Router.php(764): Illuminate/Routing/Router->runRoute()
#26 C:/Users/laila qadri/OneDrive/Documents/ProjectCCTanah/vendor/laravel/framework/src/Illuminate/Routing/Router.php(753): Illuminate/Routing/Router->dispatchToRoute()
#27 C:/Users/laila qadri/OneDrive/Documents/ProjectCCTanah/vendor/laravel/framework/src/Illuminate/Foundation/Http/Kernel.php(200): Illuminate/Routing/Router->dispatch()
#28 C:/Users/laila qadri/OneDrive/Documents/ProjectCCTanah/vendor/laravel/framework/src/Illuminate/Pipeline/Pipeline.php(180): Illuminate/Foundation/Http/Kernel->{closure:Illuminate/Foundation/Http/Kernel::dispatchToRouter():197}()
#29 C:/Users/laila qadri/OneDrive/Documents/ProjectCCTanah/vendor/laravel/framework/src/Illuminate/Foundation/Http/Middleware/TransformsRequest.php(21): Illuminate/Pipeline/Pipeline->{closure:Illuminate/Pipeline/Pipeline::prepareDestination():178}()
#30 C:/Users/laila qadri/OneDrive/Documents/ProjectCCTanah/vendor/laravel/framework/src/Illuminate/Foundation/Http/Middleware/ConvertEmptyStringsToNull.php(31): Illuminate/Foundation/Http/Middleware/TransformsRequest->handle()
#31 C:/Users/laila qadri/OneDrive/Documents/ProjectCCTanah/vendor/laravel/framework/src/Illuminate/Pipeline/Pipeline.php(219): Illuminate/Foundation/Http/Middleware/ConvertEmptyStringsToNull->handle()
#32 C:/Users/laila qadri/OneDrive/Documents/ProjectCCTanah/vendor/laravel/framework/src/Illuminate/Foundation/Http/Middleware/TransformsRequest.php(21): Illuminate/Pipeline/Pipeline->{closure:{closure:Illuminate/Pipeline/Pipeline::carry():194}:195}()
#33 C:/Users/laila qadri/OneDrive/Documents/ProjectCCTanah/vendor/laravel/framework/src/Illuminate/Foundation/Http/Middleware/TrimStrings.php(51): Illuminate/Foundation/Http/Middleware/TransformsRequest->handle()
#34 C:/Users/laila qadri/OneDrive/Documents/ProjectCCTanah/vendor/laravel/framework/src/Illuminate/Pipeline/Pipeline.php(219): Illuminate/Foundation/Http/Middleware/TrimStrings->handle()
#35 C:/Users/laila qadri/OneDrive/Documents/ProjectCCTanah/vendor/laravel/framework/src/Illuminate/Http/Middleware/ValidatePostSize.php(27): Illuminate/Pipeline/Pipeline->{closure:{closure:Illuminate/Pipeline/Pipeline::carry():194}:195}()
#36 C:/Users/laila qadri/OneDrive/Documents/ProjectCCTanah/vendor/laravel/framework/src/Illuminate/Pipeline/Pipeline.php(219): Illuminate/Http/Middleware/ValidatePostSize->handle()
#37 C:/Users/laila qadri/OneDrive/Documents/ProjectCCTanah/vendor/laravel/framework/src/Illuminate/Foundation/Http/Middleware/PreventRequestsDuringMaintenance.php(109): Illuminate/Pipeline/Pipeline->{closure:{closure:Illuminate/Pipeline/Pipeline::carry():194}:195}()
#38 C:/Users/laila qadri/OneDrive/Documents/ProjectCCTanah/vendor/laravel/framework/src/Illuminate/Pipeline/Pipeline.php(219): Illuminate/Foundation/Http/Middleware/PreventRequestsDuringMaintenance->handle()
#39 C:/Users/laila qadri/OneDrive/Documents/ProjectCCTanah/vendor/laravel/framework/src/Illuminate/Http/Middleware/HandleCors.php(61): Illuminate/Pipeline/Pipeline->{closure:{closure:Illuminate/Pipeline/Pipeline::carry():194}:195}()
#40 C:/Users/laila qadri/OneDrive/Documents/ProjectCCTanah/vendor/laravel/framework/src/Illuminate/Pipeline/Pipeline.php(219): Illuminate/Http/Middleware/HandleCors->handle()
#41 C:/Users/laila qadri/OneDrive/Documents/ProjectCCTanah/vendor/laravel/framework/src/Illuminate/Http/Middleware/TrustProxies.php(58): Illuminate/Pipeline/Pipeline->{closure:{closure:Illuminate/Pipeline/Pipeline::carry():194}:195}()
#42 C:/Users/laila qadri/OneDrive/Documents/ProjectCCTanah/vendor/laravel/framework/src/Illuminate/Pipeline/Pipeline.php(219): Illuminate/Http/Middleware/TrustProxies->handle()
#43 C:/Users/laila qadri/OneDrive/Documents/ProjectCCTanah/vendor/laravel/framework/src/Illuminate/Foundation/Http/Middleware/InvokeDeferredCallbacks.php(22): Illuminate/Pipeline/Pipeline->{closure:{closure:Illuminate/Pipeline/Pipeline::carry():194}:195}()
#44 C:/Users/laila qadri/OneDrive/Documents/ProjectCCTanah/vendor/laravel/framework/src/Illuminate/Pipeline/Pipeline.php(219): Illuminate/Foundation/Http/Middleware/InvokeDeferredCallbacks->handle()
#45 C:/Users/laila qadri/OneDrive/Documents/ProjectCCTanah/vendor/laravel/framework/src/Illuminate/Http/Middleware/ValidatePathEncoding.php(28): Illuminate/Pipeline/Pipeline->{closure:{closure:Illuminate/Pipeline/Pipeline::carry():194}:195}()
#46 C:/Users/laila qadri/OneDrive/Documents/ProjectCCTanah/vendor/laravel/framework/src/Illuminate/Pipeline/Pipeline.php(219): Illuminate/Http/Middleware/ValidatePathEncoding->handle()
#47 C:/Users/laila qadri/OneDrive/Documents/ProjectCCTanah/vendor/laravel/framework/src/Illuminate/Pipeline/Pipeline.php(137): Illuminate/Pipeline/Pipeline->{closure:{closure:Illuminate/Pipeline/Pipeline::carry():194}:195}()
#48 C:/Users/laila qadri/OneDrive/Documents/ProjectCCTanah/vendor/laravel/framework/src/Illuminate/Foundation/Http/Kernel.php(175): Illuminate/Pipeline/Pipeline->then()
#49 C:/Users/laila qadri/OneDrive/Documents/ProjectCCTanah/vendor/laravel/framework/src/Illuminate/Foundation/Http/Kernel.php(144): Illuminate/Foundation/Http/Kernel->sendRequestThroughRouter()
#50 C:/Users/laila qadri/OneDrive/Documents/ProjectCCTanah/vendor/laravel/framework/src/Illuminate/Foundation/Application.php(1220): Illuminate/Foundation/Http/Kernel->handle()
#51 C:/Users/laila qadri/OneDrive/Documents/ProjectCCTanah/public/index.php(20): Illuminate/Foundation/Application->handleRequest()
#52 C:/Users/laila qadri/OneDrive/Documents/ProjectCCTanah/vendor/laravel/framework/src/Illuminate/Foundation/resources/server.php(23): require_once('...')
#53 {main}

[previous exception] [object] (PDOException(code: 2002): SQLSTATE[HY000] [2002] No connection could be made because the target machine actively refused it at C:/Users/laila qadri/OneDrive/Documents/ProjectCCTanah/vendor/laravel/framework/src/Illuminate/Database/Connectors/Connector.php:67)
[stacktrace]
#0 C:/Users/laila qadri/OneDrive/Documents/ProjectCCTanah/vendor/laravel/framework/src/Illuminate/Database/Connectors/Connector.php(67): PDO::connect()
#1 C:/Users/laila qadri/OneDrive/Documents/ProjectCCTanah/vendor/laravel/framework/src/Illuminate/Database/Connectors/Connector.php(85): Illuminate/Database/Connectors/Connector->createPdoConnection()
#2 C:/Users/laila qadri/OneDrive/Documents/ProjectCCTanah/vendor/laravel/framework/src/Illuminate/Database/Connectors/Connector.php(48): Illuminate/Database/Connectors/Connector->tryAgainIfCausedByLostConnection()
#3 C:/Users/laila qadri/OneDrive/Documents/ProjectCCTanah/vendor/laravel/framework/src/Illuminate/Database/Connectors/MySqlConnector.php(24): Illuminate/Database/Connectors/Connector->createConnection()
#4 C:/Users/laila qadri/OneDrive/Documents/ProjectCCTanah/vendor/laravel/framework/src/Illuminate/Database/Connectors/ConnectionFactory.php(188): Illuminate/Database/Connectors/MySqlConnector->connect()
#5 [internal function]: Illuminate/Database/Connectors/ConnectionFactory->{closure:Illuminate/Database/Connectors/ConnectionFactory::createPdoResolverWithHosts():181}()
#6 C:/Users/laila qadri/OneDrive/Documents/ProjectCCTanah/vendor/laravel/framework/src/Illuminate/Database/Connection.php(1281): call_user_func()
#7 C:/Users/laila qadri/OneDrive/Documents/ProjectCCTanah/vendor/laravel/framework/src/Illuminate/Database/Connection.php(528): Illuminate/Database/Connection->getPdo()
#8 C:/Users/laila qadri/OneDrive/Documents/ProjectCCTanah/vendor/laravel/framework/src/Illuminate/Database/Connection.php(421): Illuminate/Database/Connection->getPdoForSelect()
#9 C:/Users/laila qadri/OneDrive/Documents/ProjectCCTanah/vendor/laravel/framework/src/Illuminate/Database/Connection.php(832): Illuminate/Database/Connection->{closure:Illuminate/Database/Connection::select():412}()
#10 C:/Users/laila qadri/OneDrive/Documents/ProjectCCTanah/vendor/laravel/framework/src/Illuminate/Database/Connection.php(1023): Illuminate/Database/Connection->runQueryCallback()
#11 C:/Users/laila qadri/OneDrive/Documents/ProjectCCTanah/vendor/laravel/framework/src/Illuminate/Database/Connection.php(1002): Illuminate/Database/Connection->tryAgainIfCausedByLostConnection()
#12 C:/Users/laila qadri/OneDrive/Documents/ProjectCCTanah/vendor/laravel/framework/src/Illuminate/Database/Connection.php(801): Illuminate/Database/Connection->handleQueryException()
#13 C:/Users/laila qadri/OneDrive/Documents/ProjectCCTanah/vendor/laravel/framework/src/Illuminate/Database/Connection.php(412): Illuminate/Database/Connection->run()
#14 C:/Users/laila qadri/OneDrive/Documents/ProjectCCTanah/vendor/laravel/framework/src/Illuminate/Database/Query/Builder.php(3573): Illuminate/Database/Connection->select()
#15 C:/Users/laila qadri/OneDrive/Documents/ProjectCCTanah/vendor/laravel/framework/src/Illuminate/Database/Query/Builder.php(3557): Illuminate/Database/Query/Builder->runSelect()
#16 C:/Users/laila qadri/OneDrive/Documents/ProjectCCTanah/vendor/laravel/framework/src/Illuminate/Database/Concerns/BuildsQueries.php(366): Illuminate/Database/Query/Builder->get()
#17 C:/Users/laila qadri/OneDrive/Documents/ProjectCCTanah/vendor/laravel/framework/src/Illuminate/Database/Query/Builder.php(3475): Illuminate/Database/Query/Builder->first()
#18 C:/Users/laila qadri/OneDrive/Documents/ProjectCCTanah/vendor/laravel/framework/src/Illuminate/Session/DatabaseSessionHandler.php(96): Illuminate/Database/Query/Builder->find()
#19 C:/Users/laila qadri/OneDrive/Documents/ProjectCCTanah/vendor/laravel/framework/src/Illuminate/Session/Store.php(128): Illuminate/Session/DatabaseSessionHandler->read()
#20 C:/Users/laila qadri/OneDrive/Documents/ProjectCCTanah/vendor/laravel/framework/src/Illuminate/Session/Store.php(116): Illuminate/Session/Store->readFromHandler()
#21 C:/Users/laila qadri/OneDrive/Documents/ProjectCCTanah/vendor/laravel/framework/src/Illuminate/Session/Store.php(100): Illuminate/Session/Store->loadSession()
#22 C:/Users/laila qadri/OneDrive/Documents/ProjectCCTanah/vendor/laravel/framework/src/Illuminate/Session/Middleware/StartSession.php(146): Illuminate/Session/Store->start()
#23 C:/Users/laila qadri/OneDrive/Documents/ProjectCCTanah/vendor/laravel/framework/src/Illuminate/Support/helpers.php(393): Illuminate/Session/Middleware/StartSession->{closure:Illuminate/Session/Middleware/StartSession::startSession():143}()
#24 C:/Users/laila qadri/OneDrive/Documents/ProjectCCTanah/vendor/laravel/framework/src/Illuminate/Session/Middleware/StartSession.php(143): tap()
#25 C:/Users/laila qadri/OneDrive/Documents/ProjectCCTanah/vendor/laravel/framework/src/Illuminate/Session/Middleware/StartSession.php(115): Illuminate/Session/Middleware/StartSession->startSession()
#26 C:/Users/laila qadri/OneDrive/Documents/ProjectCCTanah/vendor/laravel/framework/src/Illuminate/Session/Middleware/StartSession.php(63): Illuminate/Session/Middleware/StartSession->handleStatefulRequest()
#27 C:/Users/laila qadri/OneDrive/Documents/ProjectCCTanah/vendor/laravel/framework/src/Illuminate/Pipeline/Pipeline.php(219): Illuminate/Session/Middleware/StartSession->handle()
#28 C:/Users/laila qadri/OneDrive/Documents/ProjectCCTanah/vendor/laravel/framework/src/Illuminate/Cookie/Middleware/AddQueuedCookiesToResponse.php(36): Illuminate/Pipeline/Pipeline->{closure:{closure:Illuminate/Pipeline/Pipeline::carry():194}:195}()
#29 C:/Users/laila qadri/OneDrive/Documents/ProjectCCTanah/vendor/laravel/framework/src/Illuminate/Pipeline/Pipeline.php(219): Illuminate/Cookie/Middleware/AddQueuedCookiesToResponse->handle()
#30 C:/Users/laila qadri/OneDrive/Documents/ProjectCCTanah/vendor/laravel/framework/src/Illuminate/Cookie/Middleware/EncryptCookies.php(74): Illuminate/Pipeline/Pipeline->{closure:{closure:Illuminate/Pipeline/Pipeline::carry():194}:195}()
#31 C:/Users/laila qadri/OneDrive/Documents/ProjectCCTanah/vendor/laravel/framework/src/Illuminate/Pipeline/Pipeline.php(219): Illuminate/Cookie/Middleware/EncryptCookies->handle()
#32 C:/Users/laila qadri/OneDrive/Documents/ProjectCCTanah/vendor/laravel/framework/src/Illuminate/Pipeline/Pipeline.php(137): Illuminate/Pipeline/Pipeline->{closure:{closure:Illuminate/Pipeline/Pipeline::carry():194}:195}()
#33 C:/Users/laila qadri/OneDrive/Documents/ProjectCCTanah/vendor/laravel/framework/src/Illuminate/Routing/Router.php(821): Illuminate/Pipeline/Pipeline->then()
#34 C:/Users/laila qadri/OneDrive/Documents/ProjectCCTanah/vendor/laravel/framework/src/Illuminate/Routing/Router.php(800): Illuminate/Routing/Router->runRouteWithinStack()
#35 C:/Users/laila qadri/OneDrive/Documents/ProjectCCTanah/vendor/laravel/framework/src/Illuminate/Routing/Router.php(764): Illuminate/Routing/Router->runRoute()
#36 C:/Users/laila qadri/OneDrive/Documents/ProjectCCTanah/vendor/laravel/framework/src/Illuminate/Routing/Router.php(753): Illuminate/Routing/Router->dispatchToRoute()
#37 C:/Users/laila qadri/OneDrive/Documents/ProjectCCTanah/vendor/laravel/framework/src/Illuminate/Foundation/Http/Kernel.php(200): Illuminate/Routing/Router->dispatch()
#38 C:/Users/laila qadri/OneDrive/Documents/ProjectCCTanah/vendor/laravel/framework/src/Illuminate/Pipeline/Pipeline.php(180): Illuminate/Foundation/Http/Kernel->{closure:Illuminate/Foundation/Http/Kernel::dispatchToRouter():197}()
#39 C:/Users/laila qadri/OneDrive/Documents/ProjectCCTanah/vendor/laravel/framework/src/Illuminate/Foundation/Http/Middleware/TransformsRequest.php(21): Illuminate/Pipeline/Pipeline->{closure:Illuminate/Pipeline/Pipeline::prepareDestination():178}()
#40 C:/Users/laila qadri/OneDrive/Documents/ProjectCCTanah/vendor/laravel/framework/src/Illuminate/Foundation/Http/Middleware/ConvertEmptyStringsToNull.php(31): Illuminate/Foundation/Http/Middleware/TransformsRequest->handle()
#41 C:/Users/laila qadri/OneDrive/Documents/ProjectCCTanah/vendor/laravel/framework/src/Illuminate/Pipeline/Pipeline.php(219): Illuminate/Foundation/Http/Middleware/ConvertEmptyStringsToNull->handle()
#42 C:/Users/laila qadri/OneDrive/Documents/ProjectCCTanah/vendor/laravel/framework/src/Illuminate/Foundation/Http/Middleware/TransformsRequest.php(21): Illuminate/Pipeline/Pipeline->{closure:{closure:Illuminate/Pipeline/Pipeline::carry():194}:195}()
#43 C:/Users/laila qadri/OneDrive/Documents/ProjectCCTanah/vendor/laravel/framework/src/Illuminate/Foundation/Http/Middleware/TrimStrings.php(51): Illuminate/Foundation/Http/Middleware/TransformsRequest->handle()
#44 C:/Users/laila qadri/OneDrive/Documents/ProjectCCTanah/vendor/laravel/framework/src/Illuminate/Pipeline/Pipeline.php(219): Illuminate/Foundation/Http/Middleware/TrimStrings->handle()
#45 C:/Users/laila qadri/OneDrive/Documents/ProjectCCTanah/vendor/laravel/framework/src/Illuminate/Http/Middleware/ValidatePostSize.php(27): Illuminate/Pipeline/Pipeline->{closure:{closure:Illuminate/Pipeline/Pipeline::carry():194}:195}()
#46 C:/Users/laila qadri/OneDrive/Documents/ProjectCCTanah/vendor/laravel/framework/src/Illuminate/Pipeline/Pipeline.php(219): Illuminate/Http/Middleware/ValidatePostSize->handle()
#47 C:/Users/laila qadri/OneDrive/Documents/ProjectCCTanah/vendor/laravel/framework/src/Illuminate/Foundation/Http/Middleware/PreventRequestsDuringMaintenance.php(109): Illuminate/Pipeline/Pipeline->{closure:{closure:Illuminate/Pipeline/Pipeline::carry():194}:195}()
#48 C:/Users/laila qadri/OneDrive/Documents/ProjectCCTanah/vendor/laravel/framework/src/Illuminate/Pipeline/Pipeline.php(219): Illuminate/Foundation/Http/Middleware/PreventRequestsDuringMaintenance->handle()
#49 C:/Users/laila qadri/OneDrive/Documents/ProjectCCTanah/vendor/laravel/framework/src/Illuminate/Http/Middleware/HandleCors.php(61): Illuminate/Pipeline/Pipeline->{closure:{closure:Illuminate/Pipeline/Pipeline::carry():194}:195}()
#50 C:/Users/laila qadri/OneDrive/Documents/ProjectCCTanah/vendor/laravel/framework/src/Illuminate/Pipeline/Pipeline.php(219): Illuminate/Http/Middleware/HandleCors->handle()
#51 C:/Users/laila qadri/OneDrive/Documents/ProjectCCTanah/vendor/laravel/framework/src/Illuminate/Http/Middleware/TrustProxies.php(58): Illuminate/Pipeline/Pipeline->{closure:{closure:Illuminate/Pipeline/Pipeline::carry():194}:195}()
#52 C:/Users/laila qadri/OneDrive/Documents/ProjectCCTanah/vendor/laravel/framework/src/Illuminate/Pipeline/Pipeline.php(219): Illuminate/Http/Middleware/TrustProxies->handle()
#53 C:/Users/laila qadri/OneDrive/Documents/ProjectCCTanah/vendor/laravel/framework/src/Illuminate/Foundation/Http/Middleware/InvokeDeferredCallbacks.php(22): Illuminate/Pipeline/Pipeline->{closure:{closure:Illuminate/Pipeline/Pipeline::carry():194}:195}()
#54 C:/Users/laila qadri/OneDrive/Documents/ProjectCCTanah/vendor/laravel/framework/src/Illuminate/Pipeline/Pipeline.php(219): Illuminate/Foundation/Http/Middleware/InvokeDeferredCallbacks->handle()
#55 C:/Users/laila qadri/OneDrive/Documents/ProjectCCTanah/vendor/laravel/framework/src/Illuminate/Http/Middleware/ValidatePathEncoding.php(28): Illuminate/Pipeline/Pipeline->{closure:{closure:Illuminate/Pipeline/Pipeline::carry():194}:195}()
#56 C:/Users/laila qadri/OneDrive/Documents/ProjectCCTanah/vendor/laravel/framework/src/Illuminate/Pipeline/Pipeline.php(219): Illuminate/Http/Middleware/ValidatePathEncoding->handle()
#57 C:/Users/laila qadri/OneDrive/Documents/ProjectCCTanah/vendor/laravel/framework/src/Illuminate/Pipeline/Pipeline.php(137): Illuminate/Pipeline/Pipeline->{closure:{closure:Illuminate/Pipeline/Pipeline::carry():194}:195}()
#58 C:/Users/laila qadri/OneDrive/Documents/ProjectCCTanah/vendor/laravel/framework/src/Illuminate/Foundation/Http/Kernel.php(175): Illuminate/Pipeline/Pipeline->then()
#59 C:/Users/laila qadri/OneDrive/Documents/ProjectCCTanah/vendor/laravel/framework/src/Illuminate/Foundation/Http/Kernel.php(144): Illuminate/Foundation/Http/Kernel->sendRequestThroughRouter()
#60 C:/Users/laila qadri/OneDrive/Documents/ProjectCCTanah/vendor/laravel/framework/src/Illuminate/Foundation/Application.php(1220): Illuminate/Foundation/Http/Kernel->handle()
#61 C:/Users/laila qadri/OneDrive/Documents/ProjectCCTanah/public/index.php(20): Illuminate/Foundation/Application->handleRequest()
#62 C:/Users/laila qadri/OneDrive/Documents/ProjectCCTanah/vendor/laravel/framework/src/Illuminate/Foundation/resources/server.php(23): require_once('...')
#63 {main}
"} 
[2026-06-21 17:05:22] local.ERROR: SQLSTATE[HY000] [2002] No connection could be made because the target machine actively refused it (Connection: mysql, Host: 127.0.0.1, Port: 3306, Database: iot_monitoring_tanah, SQL: select * from `sessions` where `id` = qyEItKLjymzniSTrnUmumM6KwurP9AjuFS5WlucF limit 1) {"exception":"[object] (Illuminate\\Database\\QueryException(code: 2002): SQLSTATE[HY000] [2002] No connection could be made because the target machine actively refused it (Connection: mysql, Host: 127.0.0.1, Port: 3306, Database: iot_monitoring_tanah, SQL: select * from `sessions` where `id` = qyEItKLjymzniSTrnUmumM6KwurP9AjuFS5WlucF limit 1) at C:/Users/laila qadri/OneDrive/Documents/ProjectCCTanah/vendor/laravel/framework/src/Illuminate/Database/Connection.php:843)
[stacktrace]
#0 C:/Users/laila qadri/OneDrive/Documents/ProjectCCTanah/vendor/laravel/framework/src/Illuminate/Database/Connection.php(1023): Illuminate/Database/Connection->runQueryCallback()
#1 C:/Users/laila qadri/OneDrive/Documents/ProjectCCTanah/vendor/laravel/framework/src/Illuminate/Database/Connection.php(1002): Illuminate/Database/Connection->tryAgainIfCausedByLostConnection()
#2 C:/Users/laila qadri/OneDrive/Documents/ProjectCCTanah/vendor/laravel/framework/src/Illuminate/Database/Connection.php(801): Illuminate/Database/Connection->handleQueryException()
#3 C:/Users/laila qadri/OneDrive/Documents/ProjectCCTanah/vendor/laravel/framework/src/Illuminate/Database/Connection.php(412): Illuminate/Database/Connection->run()
#4 C:/Users/laila qadri/OneDrive/Documents/ProjectCCTanah/vendor/laravel/framework/src/Illuminate/Database/Query/Builder.php(3573): Illuminate/Database/Connection->select()
#5 C:/Users/laila qadri/OneDrive/Documents/ProjectCCTanah/vendor/laravel/framework/src/Illuminate/Database/Query/Builder.php(3557): Illuminate/Database/Query/Builder->runSelect()
#6 C:/Users/laila qadri/OneDrive/Documents/ProjectCCTanah/vendor/laravel/framework/src/Illuminate/Database/Concerns/BuildsQueries.php(366): Illuminate/Database/Query/Builder->get()
#7 C:/Users/laila qadri/OneDrive/Documents/ProjectCCTanah/vendor/laravel/framework/src/Illuminate/Database/Query/Builder.php(3475): Illuminate/Database/Query/Builder->first()
#8 C:/Users/laila qadri/OneDrive/Documents/ProjectCCTanah/vendor/laravel/framework/src/Illuminate/Session/DatabaseSessionHandler.php(96): Illuminate/Database/Query/Builder->find()
#9 C:/Users/laila qadri/OneDrive/Documents/ProjectCCTanah/vendor/laravel/framework/src/Illuminate/Session/Store.php(128): Illuminate/Session/DatabaseSessionHandler->read()
#10 C:/Users/laila qadri/OneDrive/Documents/ProjectCCTanah/vendor/laravel/framework/src/Illuminate/Session/Store.php(116): Illuminate/Session/Store->readFromHandler()
#11 C:/Users/laila qadri/OneDrive/Documents/ProjectCCTanah/vendor/laravel/framework/src/Illuminate/Session/Store.php(100): Illuminate/Session/Store->loadSession()
#12 C:/Users/laila qadri/OneDrive/Documents/ProjectCCTanah/vendor/laravel/framework/src/Illuminate/Session/Middleware/StartSession.php(146): Illuminate/Session/Store->start()
#13 C:/Users/laila qadri/OneDrive/Documents/ProjectCCTanah/vendor/laravel/framework/src/Illuminate/Support/helpers.php(393): Illuminate/Session/Middleware/StartSession->{closure:Illuminate/Session/Middleware/StartSession::startSession():143}()
#14 C:/Users/laila qadri/OneDrive/Documents/ProjectCCTanah/vendor/laravel/framework/src/Illuminate/Session/Middleware/StartSession.php(143): tap()
#15 C:/Users/laila qadri/OneDrive/Documents/ProjectCCTanah/vendor/laravel/framework/src/Illuminate/Session/Middleware/StartSession.php(115): Illuminate/Session/Middleware/StartSession->startSession()
#16 C:/Users/laila qadri/OneDrive/Documents/ProjectCCTanah/vendor/laravel/framework/src/Illuminate/Session/Middleware/StartSession.php(63): Illuminate/Session/Middleware/StartSession->handleStatefulRequest()
#17 C:/Users/laila qadri/OneDrive/Documents/ProjectCCTanah/vendor/laravel/framework/src/Illuminate/Pipeline/Pipeline.php(219): Illuminate/Session/Middleware/StartSession->handle()
#18 C:/Users/laila qadri/OneDrive/Documents/ProjectCCTanah/vendor/laravel/framework/src/Illuminate/Cookie/Middleware/AddQueuedCookiesToResponse.php(36): Illuminate/Pipeline/Pipeline->{closure:{closure:Illuminate/Pipeline/Pipeline::carry():194}:195}()
#19 C:/Users/laila qadri/OneDrive/Documents/ProjectCCTanah/vendor/laravel/framework/src/Illuminate/Pipeline/Pipeline.php(219): Illuminate/Cookie/Middleware/AddQueuedCookiesToResponse->handle()
#20 C:/Users/laila qadri/OneDrive/Documents/ProjectCCTanah/vendor/laravel/framework/src/Illuminate/Cookie/Middleware/EncryptCookies.php(74): Illuminate/Pipeline/Pipeline->{closure:{closure:Illuminate/Pipeline/Pipeline::carry():194}:195}()
#21 C:/Users/laila qadri/OneDrive/Documents/ProjectCCTanah/vendor/laravel/framework/src/Illuminate/Pipeline/Pipeline.php(219): Illuminate/Cookie/Middleware/EncryptCookies->handle()
#22 C:/Users/laila qadri/OneDrive/Documents/ProjectCCTanah/vendor/laravel/framework/src/Illuminate/Pipeline/Pipeline.php(137): Illuminate/Pipeline/Pipeline->{closure:{closure:Illuminate/Pipeline/Pipeline::carry():194}:195}()
#23 C:/Users/laila qadri/OneDrive/Documents/ProjectCCTanah/vendor/laravel/framework/src/Illuminate/Routing/Router.php(821): Illuminate/Pipeline/Pipeline->then()
#24 C:/Users/laila qadri/OneDrive/Documents/ProjectCCTanah/vendor/laravel/framework/src/Illuminate/Routing/Router.php(800): Illuminate/Routing/Router->runRouteWithinStack()
#25 C:/Users/laila qadri/OneDrive/Documents/ProjectCCTanah/vendor/laravel/framework/src/Illuminate/Routing/Router.php(764): Illuminate/Routing/Router->runRoute()
#26 C:/Users/laila qadri/OneDrive/Documents/ProjectCCTanah/vendor/laravel/framework/src/Illuminate/Routing/Router.php(753): Illuminate/Routing/Router->dispatchToRoute()
#27 C:/Users/laila qadri/OneDrive/Documents/ProjectCCTanah/vendor/laravel/framework/src/Illuminate/Foundation/Http/Kernel.php(200): Illuminate/Routing/Router->dispatch()
#28 C:/Users/laila qadri/OneDrive/Documents/ProjectCCTanah/vendor/laravel/framework/src/Illuminate/Pipeline/Pipeline.php(180): Illuminate/Foundation/Http/Kernel->{closure:Illuminate/Foundation/Http/Kernel::dispatchToRouter():197}()
#29 C:/Users/laila qadri/OneDrive/Documents/ProjectCCTanah/vendor/laravel/framework/src/Illuminate/Foundation/Http/Middleware/TransformsRequest.php(21): Illuminate/Pipeline/Pipeline->{closure:Illuminate/Pipeline/Pipeline::prepareDestination():178}()
#30 C:/Users/laila qadri/OneDrive/Documents/ProjectCCTanah/vendor/laravel/framework/src/Illuminate/Foundation/Http/Middleware/ConvertEmptyStringsToNull.php(31): Illuminate/Foundation/Http/Middleware/TransformsRequest->handle()
#31 C:/Users/laila qadri/OneDrive/Documents/ProjectCCTanah/vendor/laravel/framework/src/Illuminate/Pipeline/Pipeline.php(219): Illuminate/Foundation/Http/Middleware/ConvertEmptyStringsToNull->handle()
#32 C:/Users/laila qadri/OneDrive/Documents/ProjectCCTanah/vendor/laravel/framework/src/Illuminate/Foundation/Http/Middleware/TransformsRequest.php(21): Illuminate/Pipeline/Pipeline->{closure:{closure:Illuminate/Pipeline/Pipeline::carry():194}:195}()
#33 C:/Users/laila qadri/OneDrive/Documents/ProjectCCTanah/vendor/laravel/framework/src/Illuminate/Foundation/Http/Middleware/TrimStrings.php(51): Illuminate/Foundation/Http/Middleware/TransformsRequest->handle()
#34 C:/Users/laila qadri/OneDrive/Documents/ProjectCCTanah/vendor/laravel/framework/src/Illuminate/Pipeline/Pipeline.php(219): Illuminate/Foundation/Http/Middleware/TrimStrings->handle()
#35 C:/Users/laila qadri/OneDrive/Documents/ProjectCCTanah/vendor/laravel/framework/src/Illuminate/Http/Middleware/ValidatePostSize.php(27): Illuminate/Pipeline/Pipeline->{closure:{closure:Illuminate/Pipeline/Pipeline::carry():194}:195}()
#36 C:/Users/laila qadri/OneDrive/Documents/ProjectCCTanah/vendor/laravel/framework/src/Illuminate/Pipeline/Pipeline.php(219): Illuminate/Http/Middleware/ValidatePostSize->handle()
#37 C:/Users/laila qadri/OneDrive/Documents/ProjectCCTanah/vendor/laravel/framework/src/Illuminate/Foundation/Http/Middleware/PreventRequestsDuringMaintenance.php(109): Illuminate/Pipeline/Pipeline->{closure:{closure:Illuminate/Pipeline/Pipeline::carry():194}:195}()
#38 C:/Users/laila qadri/OneDrive/Documents/ProjectCCTanah/vendor/laravel/framework/src/Illuminate/Pipeline/Pipeline.php(219): Illuminate/Foundation/Http/Middleware/PreventRequestsDuringMaintenance->handle()
#39 C:/Users/laila qadri/OneDrive/Documents/ProjectCCTanah/vendor/laravel/framework/src/Illuminate/Http/Middleware/HandleCors.php(61): Illuminate/Pipeline/Pipeline->{closure:{closure:Illuminate/Pipeline/Pipeline::carry():194}:195}()
#40 C:/Users/laila qadri/OneDrive/Documents/ProjectCCTanah/vendor/laravel/framework/src/Illuminate/Pipeline/Pipeline.php(219): Illuminate/Http/Middleware/HandleCors->handle()
#41 C:/Users/laila qadri/OneDrive/Documents/ProjectCCTanah/vendor/laravel/framework/src/Illuminate/Http/Middleware/TrustProxies.php(58): Illuminate/Pipeline/Pipeline->{closure:{closure:Illuminate/Pipeline/Pipeline::carry():194}:195}()
#42 C:/Users/laila qadri/OneDrive/Documents/ProjectCCTanah/vendor/laravel/framework/src/Illuminate/Pipeline/Pipeline.php(219): Illuminate/Http/Middleware/TrustProxies->handle()
#43 C:/Users/laila qadri/OneDrive/Documents/ProjectCCTanah/vendor/laravel/framework/src/Illuminate/Foundation/Http/Middleware/InvokeDeferredCallbacks.php(22): Illuminate/Pipeline/Pipeline->{closure:{closure:Illuminate/Pipeline/Pipeline::carry():194}:195}()
#44 C:/Users/laila qadri/OneDrive/Documents/ProjectCCTanah/vendor/laravel/framework/src/Illuminate/Pipeline/Pipeline.php(219): Illuminate/Foundation/Http/Middleware/InvokeDeferredCallbacks->handle()
#45 C:/Users/laila qadri/OneDrive/Documents/ProjectCCTanah/vendor/laravel/framework/src/Illuminate/Http/Middleware/ValidatePathEncoding.php(28): Illuminate/Pipeline/Pipeline->{closure:{closure:Illuminate/Pipeline/Pipeline::carry():194}:195}()
#46 C:/Users/laila qadri/OneDrive/Documents/ProjectCCTanah/vendor/laravel/framework/src/Illuminate/Pipeline/Pipeline.php(219): Illuminate/Http/Middleware/ValidatePathEncoding->handle()
#47 C:/Users/laila qadri/OneDrive/Documents/ProjectCCTanah/vendor/laravel/framework/src/Illuminate/Pipeline/Pipeline.php(137): Illuminate/Pipeline/Pipeline->{closure:{closure:Illuminate/Pipeline/Pipeline::carry():194}:195}()
#48 C:/Users/laila qadri/OneDrive/Documents/ProjectCCTanah/vendor/laravel/framework/src/Illuminate/Foundation/Http/Kernel.php(175): Illuminate/Pipeline/Pipeline->then()
#49 C:/Users/laila qadri/OneDrive/Documents/ProjectCCTanah/vendor/laravel/framework/src/Illuminate/Foundation/Http/Kernel.php(144): Illuminate/Foundation/Http/Kernel->sendRequestThroughRouter()
#50 C:/Users/laila qadri/OneDrive/Documents/ProjectCCTanah/vendor/laravel/framework/src/Illuminate/Foundation/Application.php(1220): Illuminate/Foundation/Http/Kernel->handle()
#51 C:/Users/laila qadri/OneDrive/Documents/ProjectCCTanah/public/index.php(20): Illuminate/Foundation/Application->handleRequest()
#52 C:/Users/laila qadri/OneDrive/Documents/ProjectCCTanah/vendor/laravel/framework/src/Illuminate/Foundation/resources/server.php(23): require_once('...')
#53 {main}

[previous exception] [object] (PDOException(code: 2002): SQLSTATE[HY000] [2002] No connection could be made because the target machine actively refused it at C:/Users/laila qadri/OneDrive/Documents/ProjectCCTanah/vendor/laravel/framework/src/Illuminate/Database/Connectors/Connector.php:67)
[stacktrace]
#0 C:/Users/laila qadri/OneDrive/Documents/ProjectCCTanah/vendor/laravel/framework/src/Illuminate/Database/Connectors/Connector.php(67): PDO::connect()
#1 C:/Users/laila qadri/OneDrive/Documents/ProjectCCTanah/vendor/laravel/framework/src/Illuminate/Database/Connectors/Connector.php(85): Illuminate/Database/Connectors/Connector->createPdoConnection()
#2 C:/Users/laila qadri/OneDrive/Documents/ProjectCCTanah/vendor/laravel/framework/src/Illuminate/Database/Connectors/Connector.php(48): Illuminate/Database/Connectors/Connector->tryAgainIfCausedByLostConnection()
#3 C:/Users/laila qadri/OneDrive/Documents/ProjectCCTanah/vendor/laravel/framework/src/Illuminate/Database/Connectors/MySqlConnector.php(24): Illuminate/Database/Connectors/Connector->createConnection()
#4 C:/Users/laila qadri/OneDrive/Documents/ProjectCCTanah/vendor/laravel/framework/src/Illuminate/Database/Connectors/ConnectionFactory.php(188): Illuminate/Database/Connectors/MySqlConnector->connect()
#5 [internal function]: Illuminate/Database/Connectors/ConnectionFactory->{closure:Illuminate/Database/Connectors/ConnectionFactory::createPdoResolverWithHosts():181}()
#6 C:/Users/laila qadri/OneDrive/Documents/ProjectCCTanah/vendor/laravel/framework/src/Illuminate/Database/Connection.php(1281): call_user_func()
#7 C:/Users/laila qadri/OneDrive/Documents/ProjectCCTanah/vendor/laravel/framework/src/Illuminate/Database/Connection.php(528): Illuminate/Database/Connection->getPdo()
#8 C:/Users/laila qadri/OneDrive/Documents/ProjectCCTanah/vendor/laravel/framework/src/Illuminate/Database/Connection.php(421): Illuminate/Database/Connection->getPdoForSelect()
#9 C:/Users/laila qadri/OneDrive/Documents/ProjectCCTanah/vendor/laravel/framework/src/Illuminate/Database/Connection.php(832): Illuminate/Database/Connection->{closure:Illuminate/Database/Connection::select():412}()
#10 C:/Users/laila qadri/OneDrive/Documents/ProjectCCTanah/vendor/laravel/framework/src/Illuminate/Database/Connection.php(1023): Illuminate/Database/Connection->runQueryCallback()
#11 C:/Users/laila qadri/OneDrive/Documents/ProjectCCTanah/vendor/laravel/framework/src/Illuminate/Database/Connection.php(1002): Illuminate/Database/Connection->tryAgainIfCausedByLostConnection()
#12 C:/Users/laila qadri/OneDrive/Documents/ProjectCCTanah/vendor/laravel/framework/src/Illuminate/Database/Connection.php(801): Illuminate/Database/Connection->handleQueryException()
#13 C:/Users/laila qadri/OneDrive/Documents/ProjectCCTanah/vendor/laravel/framework/src/Illuminate/Database/Connection.php(412): Illuminate/Database/Connection->run()
#14 C:/Users/laila qadri/OneDrive/Documents/ProjectCCTanah/vendor/laravel/framework/src/Illuminate/Database/Query/Builder.php(3573): Illuminate/Database/Connection->select()
#15 C:/Users/laila qadri/OneDrive/Documents/ProjectCCTanah/vendor/laravel/framework/src/Illuminate/Database/Query/Builder.php(3557): Illuminate/Database/Query/Builder->runSelect()
#16 C:/Users/laila qadri/OneDrive/Documents/ProjectCCTanah/vendor/laravel/framework/src/Illuminate/Database/Concerns/BuildsQueries.php(366): Illuminate/Database/Query/Builder->get()
#17 C:/Users/laila qadri/OneDrive/Documents/ProjectCCTanah/vendor/laravel/framework/src/Illuminate/Database/Query/Builder.php(3475): Illuminate/Database/Query/Builder->first()
#18 C:/Users/laila qadri/OneDrive/Documents/ProjectCCTanah/vendor/laravel/framework/src/Illuminate/Session/DatabaseSessionHandler.php(96): Illuminate/Database/Query/Builder->find()
#19 C:/Users/laila qadri/OneDrive/Documents/ProjectCCTanah/vendor/laravel/framework/src/Illuminate/Session/Store.php(128): Illuminate/Session/DatabaseSessionHandler->read()
#20 C:/Users/laila qadri/OneDrive/Documents/ProjectCCTanah/vendor/laravel/framework/src/Illuminate/Session/Store.php(116): Illuminate/Session/Store->readFromHandler()
#21 C:/Users/laila qadri/OneDrive/Documents/ProjectCCTanah/vendor/laravel/framework/src/Illuminate/Session/Store.php(100): Illuminate/Session/Store->loadSession()
#22 C:/Users/laila qadri/OneDrive/Documents/ProjectCCTanah/vendor/laravel/framework/src/Illuminate/Session/Middleware/StartSession.php(146): Illuminate/Session/Store->start()
#23 C:/Users/laila qadri/OneDrive/Documents/ProjectCCTanah/vendor/laravel/framework/src/Illuminate/Support/helpers.php(393): Illuminate/Session/Middleware/StartSession->{closure:Illuminate/Session/Middleware/StartSession::startSession():143}()
#24 C:/Users/laila qadri/OneDrive/Documents/ProjectCCTanah/vendor/laravel/framework/src/Illuminate/Session/Middleware/StartSession.php(143): tap()
#25 C:/Users/laila qadri/OneDrive/Documents/ProjectCCTanah/vendor/laravel/framework/src/Illuminate/Session/Middleware/StartSession.php(115): Illuminate/Session/Middleware/StartSession->startSession()
#26 C:/Users/laila qadri/OneDrive/Documents/ProjectCCTanah/vendor/laravel/framework/src/Illuminate/Session/Middleware/StartSession.php(63): Illuminate/Session/Middleware/StartSession->handleStatefulRequest()
#27 C:/Users/laila qadri/OneDrive/Documents/ProjectCCTanah/vendor/laravel/framework/src/Illuminate/Pipeline/Pipeline.php(219): Illuminate/Session/Middleware/StartSession->handle()
#28 C:/Users/laila qadri/OneDrive/Documents/ProjectCCTanah/vendor/laravel/framework/src/Illuminate/Cookie/Middleware/AddQueuedCookiesToResponse.php(36): Illuminate/Pipeline/Pipeline->{closure:{closure:Illuminate/Pipeline/Pipeline::carry():194}:195}()
#29 C:/Users/laila qadri/OneDrive/Documents/ProjectCCTanah/vendor/laravel/framework/src/Illuminate/Pipeline/Pipeline.php(219): Illuminate/Cookie/Middleware/AddQueuedCookiesToResponse->handle()
#30 C:/Users/laila qadri/OneDrive/Documents/ProjectCCTanah/vendor/laravel/framework/src/Illuminate/Cookie/Middleware/EncryptCookies.php(74): Illuminate/Pipeline/Pipeline->{closure:{closure:Illuminate/Pipeline/Pipeline::carry():194}:195}()
#31 C:/Users/laila qadri/OneDrive/Documents/ProjectCCTanah/vendor/laravel/framework/src/Illuminate/Pipeline/Pipeline.php(219): Illuminate/Cookie/Middleware/EncryptCookies->handle()
#32 C:/Users/laila qadri/OneDrive/Documents/ProjectCCTanah/vendor/laravel/framework/src/Illuminate/Pipeline/Pipeline.php(137): Illuminate/Pipeline/Pipeline->{closure:{closure:Illuminate/Pipeline/Pipeline::carry():194}:195}()
#33 C:/Users/laila qadri/OneDrive/Documents/ProjectCCTanah/vendor/laravel/framework/src/Illuminate/Routing/Router.php(821): Illuminate/Pipeline/Pipeline->then()
#34 C:/Users/laila qadri/OneDrive/Documents/ProjectCCTanah/vendor/laravel/framework/src/Illuminate/Routing/Router.php(800): Illuminate/Routing/Router->runRouteWithinStack()
#35 C:/Users/laila qadri/OneDrive/Documents/ProjectCCTanah/vendor/laravel/framework/src/Illuminate/Routing/Router.php(764): Illuminate/Routing/Router->runRoute()
#36 C:/Users/laila qadri/OneDrive/Documents/ProjectCCTanah/vendor/laravel/framework/src/Illuminate/Routing/Router.php(753): Illuminate/Routing/Router->dispatchToRoute()
#37 C:/Users/laila qadri/OneDrive/Documents/ProjectCCTanah/vendor/laravel/framework/src/Illuminate/Foundation/Http/Kernel.php(200): Illuminate/Routing/Router->dispatch()
#38 C:/Users/laila qadri/OneDrive/Documents/ProjectCCTanah/vendor/laravel/framework/src/Illuminate/Pipeline/Pipeline.php(180): Illuminate/Foundation/Http/Kernel->{closure:Illuminate/Foundation/Http/Kernel::dispatchToRouter():197}()
#39 C:/Users/laila qadri/OneDrive/Documents/ProjectCCTanah/vendor/laravel/framework/src/Illuminate/Foundation/Http/Middleware/TransformsRequest.php(21): Illuminate/Pipeline/Pipeline->{closure:Illuminate/Pipeline/Pipeline::prepareDestination():178}()
#40 C:/Users/laila qadri/OneDrive/Documents/ProjectCCTanah/vendor/laravel/framework/src/Illuminate/Foundation/Http/Middleware/ConvertEmptyStringsToNull.php(31): Illuminate/Foundation/Http/Middleware/TransformsRequest->handle()
#41 C:/Users/laila qadri/OneDrive/Documents/ProjectCCTanah/vendor/laravel/framework/src/Illuminate/Pipeline/Pipeline.php(219): Illuminate/Foundation/Http/Middleware/ConvertEmptyStringsToNull->handle()
#42 C:/Users/laila qadri/OneDrive/Documents/ProjectCCTanah/vendor/laravel/framework/src/Illuminate/Foundation/Http/Middleware/TransformsRequest.php(21): Illuminate/Pipeline/Pipeline->{closure:{closure:Illuminate/Pipeline/Pipeline::carry():194}:195}()
#43 C:/Users/laila qadri/OneDrive/Documents/ProjectCCTanah/vendor/laravel/framework/src/Illuminate/Foundation/Http/Middleware/TrimStrings.php(51): Illuminate/Foundation/Http/Middleware/TransformsRequest->handle()
#44 C:/Users/laila qadri/OneDrive/Documents/ProjectCCTanah/vendor/laravel/framework/src/Illuminate/Pipeline/Pipeline.php(219): Illuminate/Foundation/Http/Middleware/TrimStrings->handle()
#45 C:/Users/laila qadri/OneDrive/Documents/ProjectCCTanah/vendor/laravel/framework/src/Illuminate/Http/Middleware/ValidatePostSize.php(27): Illuminate/Pipeline/Pipeline->{closure:{closure:Illuminate/Pipeline/Pipeline::carry():194}:195}()
#46 C:/Users/laila qadri/OneDrive/Documents/ProjectCCTanah/vendor/laravel/framework/src/Illuminate/Pipeline/Pipeline.php(219): Illuminate/Http/Middleware/ValidatePostSize->handle()
#47 C:/Users/laila qadri/OneDrive/Documents/ProjectCCTanah/vendor/laravel/framework/src/Illuminate/Foundation/Http/Middleware/PreventRequestsDuringMaintenance.php(109): Illuminate/Pipeline/Pipeline->{closure:{closure:Illuminate/Pipeline/Pipeline::carry():194}:195}()
#48 C:/Users/laila qadri/OneDrive/Documents/ProjectCCTanah/vendor/laravel/framework/src/Illuminate/Pipeline/Pipeline.php(219): Illuminate/Foundation/Http/Middleware/PreventRequestsDuringMaintenance->handle()
#49 C:/Users/laila qadri/OneDrive/Documents/ProjectCCTanah/vendor/laravel/framework/src/Illuminate/Http/Middleware/HandleCors.php(61): Illuminate/Pipeline/Pipeline->{closure:{closure:Illuminate/Pipeline/Pipeline::carry():194}:195}()
#50 C:/Users/laila qadri/OneDrive/Documents/ProjectCCTanah/vendor/laravel/framework/src/Illuminate/Pipeline/Pipeline.php(219): Illuminate/Http/Middleware/HandleCors->handle()
#51 C:/Users/laila qadri/OneDrive/Documents/ProjectCCTanah/vendor/laravel/framework/src/Illuminate/Http/Middleware/TrustProxies.php(58): Illuminate/Pipeline/Pipeline->{closure:{closure:Illuminate/Pipeline/Pipeline::carry():194}:195}()
#52 C:/Users/laila qadri/OneDrive/Documents/ProjectCCTanah/vendor/laravel/framework/src/Illuminate/Pipeline/Pipeline.php(219): Illuminate/Http/Middleware/TrustProxies->handle()
#53 C:/Users/laila qadri/OneDrive/Documents/ProjectCCTanah/vendor/laravel/framework/src/Illuminate/Foundation/Http/Middleware/InvokeDeferredCallbacks.php(22): Illuminate/Pipeline/Pipeline->{closure:{closure:Illuminate/Pipeline/Pipeline::carry():194}:195}()
#54 C:/Users/laila qadri/OneDrive/Documents/ProjectCCTanah/vendor/laravel/framework/src/Illuminate/Pipeline/Pipeline.php(219): Illuminate/Foundation/Http/Middleware/InvokeDeferredCallbacks->handle()
#55 C:/Users/laila qadri/OneDrive/Documents/ProjectCCTanah/vendor/laravel/framework/src/Illuminate/Http/Middleware/ValidatePathEncoding.php(28): Illuminate/Pipeline/Pipeline->{closure:{closure:Illuminate/Pipeline/Pipeline::carry():194}:195}()
#56 C:/Users/laila qadri/OneDrive/Documents/ProjectCCTanah/vendor/laravel/framework/src/Illuminate/Pipeline/Pipeline.php(219): Illuminate/Http/Middleware/ValidatePathEncoding->handle()
#57 C:/Users/laila qadri/OneDrive/Documents/ProjectCCTanah/vendor/laravel/framework/src/Illuminate/Pipeline/Pipeline.php(137): Illuminate/Pipeline/Pipeline->{closure:{closure:Illuminate/Pipeline/Pipeline::carry():194}:195}()
#58 C:/Users/laila qadri/OneDrive/Documents/ProjectCCTanah/vendor/laravel/framework/src/Illuminate/Foundation/Http/Kernel.php(175): Illuminate/Pipeline/Pipeline->then()
#59 C:/Users/laila qadri/OneDrive/Documents/ProjectCCTanah/vendor/laravel/framework/src/Illuminate/Foundation/Http/Kernel.php(144): Illuminate/Foundation/Http/Kernel->sendRequestThroughRouter()
#60 C:/Users/laila qadri/OneDrive/Documents/ProjectCCTanah/vendor/laravel/framework/src/Illuminate/Foundation/Application.php(1220): Illuminate/Foundation/Http/Kernel->handle()
#61 C:/Users/laila qadri/OneDrive/Documents/ProjectCCTanah/public/index.php(20): Illuminate/Foundation/Application->handleRequest()
#62 C:/Users/laila qadri/OneDrive/Documents/ProjectCCTanah/vendor/laravel/framework/src/Illuminate/Foundation/resources/server.php(23): require_once('...')
#63 {main}
"} 
[2026-06-22 04:50:32] local.ERROR: SQLSTATE[HY000] [2002] No connection could be made because the target machine actively refused it (Connection: mysql, Host: 127.0.0.1, Port: 3306, Database: iot_monitoring_tanah, SQL: select * from `sessions` where `id` = CKKIORk2cxZOcf9p4YUGUOwFu8zs95LPP7R5mXk4 limit 1) {"exception":"[object] (Illuminate\\Database\\QueryException(code: 2002): SQLSTATE[HY000] [2002] No connection could be made because the target machine actively refused it (Connection: mysql, Host: 127.0.0.1, Port: 3306, Database: iot_monitoring_tanah, SQL: select * from `sessions` where `id` = CKKIORk2cxZOcf9p4YUGUOwFu8zs95LPP7R5mXk4 limit 1) at C:/Users/laila qadri/OneDrive/Documents/ProjectCCTanah/vendor/laravel/framework/src/Illuminate/Database/Connection.php:843)
[stacktrace]
#0 C:/Users/laila qadri/OneDrive/Documents/ProjectCCTanah/vendor/laravel/framework/src/Illuminate/Database/Connection.php(1023): Illuminate/Database/Connection->runQueryCallback()
#1 C:/Users/laila qadri/OneDrive/Documents/ProjectCCTanah/vendor/laravel/framework/src/Illuminate/Database/Connection.php(1002): Illuminate/Database/Connection->tryAgainIfCausedByLostConnection()
#2 C:/Users/laila qadri/OneDrive/Documents/ProjectCCTanah/vendor/laravel/framework/src/Illuminate/Database/Connection.php(801): Illuminate/Database/Connection->handleQueryException()
#3 C:/Users/laila qadri/OneDrive/Documents/ProjectCCTanah/vendor/laravel/framework/src/Illuminate/Database/Connection.php(412): Illuminate/Database/Connection->run()
#4 C:/Users/laila qadri/OneDrive/Documents/ProjectCCTanah/vendor/laravel/framework/src/Illuminate/Database/Query/Builder.php(3573): Illuminate/Database/Connection->select()
#5 C:/Users/laila qadri/OneDrive/Documents/ProjectCCTanah/vendor/laravel/framework/src/Illuminate/Database/Query/Builder.php(3557): Illuminate/Database/Query/Builder->runSelect()
#6 C:/Users/laila qadri/OneDrive/Documents/ProjectCCTanah/vendor/laravel/framework/src/Illuminate/Database/Concerns/BuildsQueries.php(366): Illuminate/Database/Query/Builder->get()
#7 C:/Users/laila qadri/OneDrive/Documents/ProjectCCTanah/vendor/laravel/framework/src/Illuminate/Database/Query/Builder.php(3475): Illuminate/Database/Query/Builder->first()
#8 C:/Users/laila qadri/OneDrive/Documents/ProjectCCTanah/vendor/laravel/framework/src/Illuminate/Session/DatabaseSessionHandler.php(96): Illuminate/Database/Query/Builder->find()
#9 C:/Users/laila qadri/OneDrive/Documents/ProjectCCTanah/vendor/laravel/framework/src/Illuminate/Session/Store.php(128): Illuminate/Session/DatabaseSessionHandler->read()
#10 C:/Users/laila qadri/OneDrive/Documents/ProjectCCTanah/vendor/laravel/framework/src/Illuminate/Session/Store.php(116): Illuminate/Session/Store->readFromHandler()
#11 C:/Users/laila qadri/OneDrive/Documents/ProjectCCTanah/vendor/laravel/framework/src/Illuminate/Session/Store.php(100): Illuminate/Session/Store->loadSession()
#12 C:/Users/laila qadri/OneDrive/Documents/ProjectCCTanah/vendor/laravel/framework/src/Illuminate/Session/Middleware/StartSession.php(146): Illuminate/Session/Store->start()
#13 C:/Users/laila qadri/OneDrive/Documents/ProjectCCTanah/vendor/laravel/framework/src/Illuminate/Support/helpers.php(393): Illuminate/Session/Middleware/StartSession->{closure:Illuminate/Session/Middleware/StartSession::startSession():143}()
#14 C:/Users/laila qadri/OneDrive/Documents/ProjectCCTanah/vendor/laravel/framework/src/Illuminate/Session/Middleware/StartSession.php(143): tap()
#15 C:/Users/laila qadri/OneDrive/Documents/ProjectCCTanah/vendor/laravel/framework/src/Illuminate/Session/Middleware/StartSession.php(115): Illuminate/Session/Middleware/StartSession->startSession()
#16 C:/Users/laila qadri/OneDrive/Documents/ProjectCCTanah/vendor/laravel/framework/src/Illuminate/Session/Middleware/StartSession.php(63): Illuminate/Session/Middleware/StartSession->handleStatefulRequest()
#17 C:/Users/laila qadri/OneDrive/Documents/ProjectCCTanah/vendor/laravel/framework/src/Illuminate/Pipeline/Pipeline.php(219): Illuminate/Session/Middleware/StartSession->handle()
#18 C:/Users/laila qadri/OneDrive/Documents/ProjectCCTanah/vendor/laravel/framework/src/Illuminate/Cookie/Middleware/AddQueuedCookiesToResponse.php(36): Illuminate/Pipeline/Pipeline->{closure:{closure:Illuminate/Pipeline/Pipeline::carry():194}:195}()
#19 C:/Users/laila qadri/OneDrive/Documents/ProjectCCTanah/vendor/laravel/framework/src/Illuminate/Pipeline/Pipeline.php(219): Illuminate/Cookie/Middleware/AddQueuedCookiesToResponse->handle()
#20 C:/Users/laila qadri/OneDrive/Documents/ProjectCCTanah/vendor/laravel/framework/src/Illuminate/Cookie/Middleware/EncryptCookies.php(74): Illuminate/Pipeline/Pipeline->{closure:{closure:Illuminate/Pipeline/Pipeline::carry():194}:195}()
#21 C:/Users/laila qadri/OneDrive/Documents/ProjectCCTanah/vendor/laravel/framework/src/Illuminate/Pipeline/Pipeline.php(219): Illuminate/Cookie/Middleware/EncryptCookies->handle()
#22 C:/Users/laila qadri/OneDrive/Documents/ProjectCCTanah/vendor/laravel/framework/src/Illuminate/Pipeline/Pipeline.php(137): Illuminate/Pipeline/Pipeline->{closure:{closure:Illuminate/Pipeline/Pipeline::carry():194}:195}()
#23 C:/Users/laila qadri/OneDrive/Documents/ProjectCCTanah/vendor/laravel/framework/src/Illuminate/Routing/Router.php(821): Illuminate/Pipeline/Pipeline->then()
#24 C:/Users/laila qadri/OneDrive/Documents/ProjectCCTanah/vendor/laravel/framework/src/Illuminate/Routing/Router.php(800): Illuminate/Routing/Router->runRouteWithinStack()
#25 C:/Users/laila qadri/OneDrive/Documents/ProjectCCTanah/vendor/laravel/framework/src/Illuminate/Routing/Router.php(764): Illuminate/Routing/Router->runRoute()
#26 C:/Users/laila qadri/OneDrive/Documents/ProjectCCTanah/vendor/laravel/framework/src/Illuminate/Routing/Router.php(753): Illuminate/Routing/Router->dispatchToRoute()
#27 C:/Users/laila qadri/OneDrive/Documents/ProjectCCTanah/vendor/laravel/framework/src/Illuminate/Foundation/Http/Kernel.php(200): Illuminate/Routing/Router->dispatch()
#28 C:/Users/laila qadri/OneDrive/Documents/ProjectCCTanah/vendor/laravel/framework/src/Illuminate/Pipeline/Pipeline.php(180): Illuminate/Foundation/Http/Kernel->{closure:Illuminate/Foundation/Http/Kernel::dispatchToRouter():197}()
#29 C:/Users/laila qadri/OneDrive/Documents/ProjectCCTanah/vendor/laravel/framework/src/Illuminate/Foundation/Http/Middleware/TransformsRequest.php(21): Illuminate/Pipeline/Pipeline->{closure:Illuminate/Pipeline/Pipeline::prepareDestination():178}()
#30 C:/Users/laila qadri/OneDrive/Documents/ProjectCCTanah/vendor/laravel/framework/src/Illuminate/Foundation/Http/Middleware/ConvertEmptyStringsToNull.php(31): Illuminate/Foundation/Http/Middleware/TransformsRequest->handle()
#31 C:/Users/laila qadri/OneDrive/Documents/ProjectCCTanah/vendor/laravel/framework/src/Illuminate/Pipeline/Pipeline.php(219): Illuminate/Foundation/Http/Middleware/ConvertEmptyStringsToNull->handle()
#32 C:/Users/laila qadri/OneDrive/Documents/ProjectCCTanah/vendor/laravel/framework/src/Illuminate/Foundation/Http/Middleware/TransformsRequest.php(21): Illuminate/Pipeline/Pipeline->{closure:{closure:Illuminate/Pipeline/Pipeline::carry():194}:195}()
#33 C:/Users/laila qadri/OneDrive/Documents/ProjectCCTanah/vendor/laravel/framework/src/Illuminate/Foundation/Http/Middleware/TrimStrings.php(51): Illuminate/Foundation/Http/Middleware/TransformsRequest->handle()
#34 C:/Users/laila qadri/OneDrive/Documents/ProjectCCTanah/vendor/laravel/framework/src/Illuminate/Pipeline/Pipeline.php(219): Illuminate/Foundation/Http/Middleware/TrimStrings->handle()
#35 C:/Users/laila qadri/OneDrive/Documents/ProjectCCTanah/vendor/laravel/framework/src/Illuminate/Http/Middleware/ValidatePostSize.php(27): Illuminate/Pipeline/Pipeline->{closure:{closure:Illuminate/Pipeline/Pipeline::carry():194}:195}()
#36 C:/Users/laila qadri/OneDrive/Documents/ProjectCCTanah/vendor/laravel/framework/src/Illuminate/Pipeline/Pipeline.php(219): Illuminate/Http/Middleware/ValidatePostSize->handle()
#37 C:/Users/laila qadri/OneDrive/Documents/ProjectCCTanah/vendor/laravel/framework/src/Illuminate/Foundation/Http/Middleware/PreventRequestsDuringMaintenance.php(109): Illuminate/Pipeline/Pipeline->{closure:{closure:Illuminate/Pipeline/Pipeline::carry():194}:195}()
#38 C:/Users/laila qadri/OneDrive/Documents/ProjectCCTanah/vendor/laravel/framework/src/Illuminate/Pipeline/Pipeline.php(219): Illuminate/Foundation/Http/Middleware/PreventRequestsDuringMaintenance->handle()
#39 C:/Users/laila qadri/OneDrive/Documents/ProjectCCTanah/vendor/laravel/framework/src/Illuminate/Http/Middleware/HandleCors.php(61): Illuminate/Pipeline/Pipeline->{closure:{closure:Illuminate/Pipeline/Pipeline::carry():194}:195}()
#40 C:/Users/laila qadri/OneDrive/Documents/ProjectCCTanah/vendor/laravel/framework/src/Illuminate/Pipeline/Pipeline.php(219): Illuminate/Http/Middleware/HandleCors->handle()
#41 C:/Users/laila qadri/OneDrive/Documents/ProjectCCTanah/vendor/laravel/framework/src/Illuminate/Http/Middleware/TrustProxies.php(58): Illuminate/Pipeline/Pipeline->{closure:{closure:Illuminate/Pipeline/Pipeline::carry():194}:195}()
#42 C:/Users/laila qadri/OneDrive/Documents/ProjectCCTanah/vendor/laravel/framework/src/Illuminate/Pipeline/Pipeline.php(219): Illuminate/Http/Middleware/TrustProxies->handle()
#43 C:/Users/laila qadri/OneDrive/Documents/ProjectCCTanah/vendor/laravel/framework/src/Illuminate/Foundation/Http/Middleware/InvokeDeferredCallbacks.php(22): Illuminate/Pipeline/Pipeline->{closure:{closure:Illuminate/Pipeline/Pipeline::carry():194}:195}()
#44 C:/Users/laila qadri/OneDrive/Documents/ProjectCCTanah/vendor/laravel/framework/src/Illuminate/Pipeline/Pipeline.php(219): Illuminate/Foundation/Http/Middleware/InvokeDeferredCallbacks->handle()
#45 C:/Users/laila qadri/OneDrive/Documents/ProjectCCTanah/vendor/laravel/framework/src/Illuminate/Http/Middleware/ValidatePathEncoding.php(28): Illuminate/Pipeline/Pipeline->{closure:{closure:Illuminate/Pipeline/Pipeline::carry():194}:195}()
#46 C:/Users/laila qadri/OneDrive/Documents/ProjectCCTanah/vendor/laravel/framework/src/Illuminate/Pipeline/Pipeline.php(219): Illuminate/Http/Middleware/ValidatePathEncoding->handle()
#47 C:/Users/laila qadri/OneDrive/Documents/ProjectCCTanah/vendor/laravel/framework/src/Illuminate/Pipeline/Pipeline.php(137): Illuminate/Pipeline/Pipeline->{closure:{closure:Illuminate/Pipeline/Pipeline::carry():194}:195}()
#48 C:/Users/laila qadri/OneDrive/Documents/ProjectCCTanah/vendor/laravel/framework/src/Illuminate/Foundation/Http/Kernel.php(175): Illuminate/Pipeline/Pipeline->then()
#49 C:/Users/laila qadri/OneDrive/Documents/ProjectCCTanah/vendor/laravel/framework/src/Illuminate/Foundation/Http/Kernel.php(144): Illuminate/Foundation/Http/Kernel->sendRequestThroughRouter()
#50 C:/Users/laila qadri/OneDrive/Documents/ProjectCCTanah/vendor/laravel/framework/src/Illuminate/Foundation/Application.php(1220): Illuminate/Foundation/Http/Kernel->handle()
#51 C:/Users/laila qadri/OneDrive/Documents/ProjectCCTanah/public/index.php(20): Illuminate/Foundation/Application->handleRequest()
#52 C:/Users/laila qadri/OneDrive/Documents/ProjectCCTanah/vendor/laravel/framework/src/Illuminate/Foundation/resources/server.php(23): require_once('...')
#53 {main}

[previous exception] [object] (PDOException(code: 2002): SQLSTATE[HY000] [2002] No connection could be made because the target machine actively refused it at C:/Users/laila qadri/OneDrive/Documents/ProjectCCTanah/vendor/laravel/framework/src/Illuminate/Database/Connectors/Connector.php:67)
[stacktrace]
#0 C:/Users/laila qadri/OneDrive/Documents/ProjectCCTanah/vendor/laravel/framework/src/Illuminate/Database/Connectors/Connector.php(67): PDO::connect()
#1 C:/Users/laila qadri/OneDrive/Documents/ProjectCCTanah/vendor/laravel/framework/src/Illuminate/Database/Connectors/Connector.php(85): Illuminate/Database/Connectors/Connector->createPdoConnection()
#2 C:/Users/laila qadri/OneDrive/Documents/ProjectCCTanah/vendor/laravel/framework/src/Illuminate/Database/Connectors/Connector.php(48): Illuminate/Database/Connectors/Connector->tryAgainIfCausedByLostConnection()
#3 C:/Users/laila qadri/OneDrive/Documents/ProjectCCTanah/vendor/laravel/framework/src/Illuminate/Database/Connectors/MySqlConnector.php(24): Illuminate/Database/Connectors/Connector->createConnection()
#4 C:/Users/laila qadri/OneDrive/Documents/ProjectCCTanah/vendor/laravel/framework/src/Illuminate/Database/Connectors/ConnectionFactory.php(188): Illuminate/Database/Connectors/MySqlConnector->connect()
#5 [internal function]: Illuminate/Database/Connectors/ConnectionFactory->{closure:Illuminate/Database/Connectors/ConnectionFactory::createPdoResolverWithHosts():181}()
#6 C:/Users/laila qadri/OneDrive/Documents/ProjectCCTanah/vendor/laravel/framework/src/Illuminate/Database/Connection.php(1281): call_user_func()
#7 C:/Users/laila qadri/OneDrive/Documents/ProjectCCTanah/vendor/laravel/framework/src/Illuminate/Database/Connection.php(528): Illuminate/Database/Connection->getPdo()
#8 C:/Users/laila qadri/OneDrive/Documents/ProjectCCTanah/vendor/laravel/framework/src/Illuminate/Database/Connection.php(421): Illuminate/Database/Connection->getPdoForSelect()
#9 C:/Users/laila qadri/OneDrive/Documents/ProjectCCTanah/vendor/laravel/framework/src/Illuminate/Database/Connection.php(832): Illuminate/Database/Connection->{closure:Illuminate/Database/Connection::select():412}()
#10 C:/Users/laila qadri/OneDrive/Documents/ProjectCCTanah/vendor/laravel/framework/src/Illuminate/Database/Connection.php(1023): Illuminate/Database/Connection->runQueryCallback()
#11 C:/Users/laila qadri/OneDrive/Documents/ProjectCCTanah/vendor/laravel/framework/src/Illuminate/Database/Connection.php(1002): Illuminate/Database/Connection->tryAgainIfCausedByLostConnection()
#12 C:/Users/laila qadri/OneDrive/Documents/ProjectCCTanah/vendor/laravel/framework/src/Illuminate/Database/Connection.php(801): Illuminate/Database/Connection->handleQueryException()
#13 C:/Users/laila qadri/OneDrive/Documents/ProjectCCTanah/vendor/laravel/framework/src/Illuminate/Database/Connection.php(412): Illuminate/Database/Connection->run()
#14 C:/Users/laila qadri/OneDrive/Documents/ProjectCCTanah/vendor/laravel/framework/src/Illuminate/Database/Query/Builder.php(3573): Illuminate/Database/Connection->select()
#15 C:/Users/laila qadri/OneDrive/Documents/ProjectCCTanah/vendor/laravel/framework/src/Illuminate/Database/Query/Builder.php(3557): Illuminate/Database/Query/Builder->runSelect()
#16 C:/Users/laila qadri/OneDrive/Documents/ProjectCCTanah/vendor/laravel/framework/src/Illuminate/Database/Concerns/BuildsQueries.php(366): Illuminate/Database/Query/Builder->get()
#17 C:/Users/laila qadri/OneDrive/Documents/ProjectCCTanah/vendor/laravel/framework/src/Illuminate/Database/Query/Builder.php(3475): Illuminate/Database/Query/Builder->first()
#18 C:/Users/laila qadri/OneDrive/Documents/ProjectCCTanah/vendor/laravel/framework/src/Illuminate/Session/DatabaseSessionHandler.php(96): Illuminate/Database/Query/Builder->find()
#19 C:/Users/laila qadri/OneDrive/Documents/ProjectCCTanah/vendor/laravel/framework/src/Illuminate/Session/Store.php(128): Illuminate/Session/DatabaseSessionHandler->read()
#20 C:/Users/laila qadri/OneDrive/Documents/ProjectCCTanah/vendor/laravel/framework/src/Illuminate/Session/Store.php(116): Illuminate/Session/Store->readFromHandler()
#21 C:/Users/laila qadri/OneDrive/Documents/ProjectCCTanah/vendor/laravel/framework/src/Illuminate/Session/Store.php(100): Illuminate/Session/Store->loadSession()
#22 C:/Users/laila qadri/OneDrive/Documents/ProjectCCTanah/vendor/laravel/framework/src/Illuminate/Session/Middleware/StartSession.php(146): Illuminate/Session/Store->start()
#23 C:/Users/laila qadri/OneDrive/Documents/ProjectCCTanah/vendor/laravel/framework/src/Illuminate/Support/helpers.php(393): Illuminate/Session/Middleware/StartSession->{closure:Illuminate/Session/Middleware/StartSession::startSession():143}()
#24 C:/Users/laila qadri/OneDrive/Documents/ProjectCCTanah/vendor/laravel/framework/src/Illuminate/Session/Middleware/StartSession.php(143): tap()
#25 C:/Users/laila qadri/OneDrive/Documents/ProjectCCTanah/vendor/laravel/framework/src/Illuminate/Session/Middleware/StartSession.php(115): Illuminate/Session/Middleware/StartSession->startSession()
#26 C:/Users/laila qadri/OneDrive/Documents/ProjectCCTanah/vendor/laravel/framework/src/Illuminate/Session/Middleware/StartSession.php(63): Illuminate/Session/Middleware/StartSession->handleStatefulRequest()
#27 C:/Users/laila qadri/OneDrive/Documents/ProjectCCTanah/vendor/laravel/framework/src/Illuminate/Pipeline/Pipeline.php(219): Illuminate/Session/Middleware/StartSession->handle()
#28 C:/Users/laila qadri/OneDrive/Documents/ProjectCCTanah/vendor/laravel/framework/src/Illuminate/Cookie/Middleware/AddQueuedCookiesToResponse.php(36): Illuminate/Pipeline/Pipeline->{closure:{closure:Illuminate/Pipeline/Pipeline::carry():194}:195}()
#29 C:/Users/laila qadri/OneDrive/Documents/ProjectCCTanah/vendor/laravel/framework/src/Illuminate/Pipeline/Pipeline.php(219): Illuminate/Cookie/Middleware/AddQueuedCookiesToResponse->handle()
#30 C:/Users/laila qadri/OneDrive/Documents/ProjectCCTanah/vendor/laravel/framework/src/Illuminate/Cookie/Middleware/EncryptCookies.php(74): Illuminate/Pipeline/Pipeline->{closure:{closure:Illuminate/Pipeline/Pipeline::carry():194}:195}()
#31 C:/Users/laila qadri/OneDrive/Documents/ProjectCCTanah/vendor/laravel/framework/src/Illuminate/Pipeline/Pipeline.php(219): Illuminate/Cookie/Middleware/EncryptCookies->handle()
#32 C:/Users/laila qadri/OneDrive/Documents/ProjectCCTanah/vendor/laravel/framework/src/Illuminate/Pipeline/Pipeline.php(137): Illuminate/Pipeline/Pipeline->{closure:{closure:Illuminate/Pipeline/Pipeline::carry():194}:195}()
#33 C:/Users/laila qadri/OneDrive/Documents/ProjectCCTanah/vendor/laravel/framework/src/Illuminate/Routing/Router.php(821): Illuminate/Pipeline/Pipeline->then()
#34 C:/Users/laila qadri/OneDrive/Documents/ProjectCCTanah/vendor/laravel/framework/src/Illuminate/Routing/Router.php(800): Illuminate/Routing/Router->runRouteWithinStack()
#35 C:/Users/laila qadri/OneDrive/Documents/ProjectCCTanah/vendor/laravel/framework/src/Illuminate/Routing/Router.php(764): Illuminate/Routing/Router->runRoute()
#36 C:/Users/laila qadri/OneDrive/Documents/ProjectCCTanah/vendor/laravel/framework/src/Illuminate/Routing/Router.php(753): Illuminate/Routing/Router->dispatchToRoute()
#37 C:/Users/laila qadri/OneDrive/Documents/ProjectCCTanah/vendor/laravel/framework/src/Illuminate/Foundation/Http/Kernel.php(200): Illuminate/Routing/Router->dispatch()
#38 C:/Users/laila qadri/OneDrive/Documents/ProjectCCTanah/vendor/laravel/framework/src/Illuminate/Pipeline/Pipeline.php(180): Illuminate/Foundation/Http/Kernel->{closure:Illuminate/Foundation/Http/Kernel::dispatchToRouter():197}()
#39 C:/Users/laila qadri/OneDrive/Documents/ProjectCCTanah/vendor/laravel/framework/src/Illuminate/Foundation/Http/Middleware/TransformsRequest.php(21): Illuminate/Pipeline/Pipeline->{closure:Illuminate/Pipeline/Pipeline::prepareDestination():178}()
#40 C:/Users/laila qadri/OneDrive/Documents/ProjectCCTanah/vendor/laravel/framework/src/Illuminate/Foundation/Http/Middleware/ConvertEmptyStringsToNull.php(31): Illuminate/Foundation/Http/Middleware/TransformsRequest->handle()
#41 C:/Users/laila qadri/OneDrive/Documents/ProjectCCTanah/vendor/laravel/framework/src/Illuminate/Pipeline/Pipeline.php(219): Illuminate/Foundation/Http/Middleware/ConvertEmptyStringsToNull->handle()
#42 C:/Users/laila qadri/OneDrive/Documents/ProjectCCTanah/vendor/laravel/framework/src/Illuminate/Foundation/Http/Middleware/TransformsRequest.php(21): Illuminate/Pipeline/Pipeline->{closure:{closure:Illuminate/Pipeline/Pipeline::carry():194}:195}()
#43 C:/Users/laila qadri/OneDrive/Documents/ProjectCCTanah/vendor/laravel/framework/src/Illuminate/Foundation/Http/Middleware/TrimStrings.php(51): Illuminate/Foundation/Http/Middleware/TransformsRequest->handle()
#44 C:/Users/laila qadri/OneDrive/Documents/ProjectCCTanah/vendor/laravel/framework/src/Illuminate/Pipeline/Pipeline.php(219): Illuminate/Foundation/Http/Middleware/TrimStrings->handle()
#45 C:/Users/laila qadri/OneDrive/Documents/ProjectCCTanah/vendor/laravel/framework/src/Illuminate/Http/Middleware/ValidatePostSize.php(27): Illuminate/Pipeline/Pipeline->{closure:{closure:Illuminate/Pipeline/Pipeline::carry():194}:195}()
#46 C:/Users/laila qadri/OneDrive/Documents/ProjectCCTanah/vendor/laravel/framework/src/Illuminate/Pipeline/Pipeline.php(219): Illuminate/Http/Middleware/ValidatePostSize->handle()
#47 C:/Users/laila qadri/OneDrive/Documents/ProjectCCTanah/vendor/laravel/framework/src/Illuminate/Foundation/Http/Middleware/PreventRequestsDuringMaintenance.php(109): Illuminate/Pipeline/Pipeline->{closure:{closure:Illuminate/Pipeline/Pipeline::carry():194}:195}()
#48 C:/Users/laila qadri/OneDrive/Documents/ProjectCCTanah/vendor/laravel/framework/src/Illuminate/Pipeline/Pipeline.php(219): Illuminate/Foundation/Http/Middleware/PreventRequestsDuringMaintenance->handle()
#49 C:/Users/laila qadri/OneDrive/Documents/ProjectCCTanah/vendor/laravel/framework/src/Illuminate/Http/Middleware/HandleCors.php(61): Illuminate/Pipeline/Pipeline->{closure:{closure:Illuminate/Pipeline/Pipeline::carry():194}:195}()
#50 C:/Users/laila qadri/OneDrive/Documents/ProjectCCTanah/vendor/laravel/framework/src/Illuminate/Pipeline/Pipeline.php(219): Illuminate/Http/Middleware/HandleCors->handle()
#51 C:/Users/laila qadri/OneDrive/Documents/ProjectCCTanah/vendor/laravel/framework/src/Illuminate/Http/Middleware/TrustProxies.php(58): Illuminate/Pipeline/Pipeline->{closure:{closure:Illuminate/Pipeline/Pipeline::carry():194}:195}()
#52 C:/Users/laila qadri/OneDrive/Documents/ProjectCCTanah/vendor/laravel/framework/src/Illuminate/Pipeline/Pipeline.php(219): Illuminate/Http/Middleware/TrustProxies->handle()
#53 C:/Users/laila qadri/OneDrive/Documents/ProjectCCTanah/vendor/laravel/framework/src/Illuminate/Foundation/Http/Middleware/InvokeDeferredCallbacks.php(22): Illuminate/Pipeline/Pipeline->{closure:{closure:Illuminate/Pipeline/Pipeline::carry():194}:195}()
#54 C:/Users/laila qadri/OneDrive/Documents/ProjectCCTanah/vendor/laravel/framework/src/Illuminate/Pipeline/Pipeline.php(219): Illuminate/Foundation/Http/Middleware/InvokeDeferredCallbacks->handle()
#55 C:/Users/laila qadri/OneDrive/Documents/ProjectCCTanah/vendor/laravel/framework/src/Illuminate/Http/Middleware/ValidatePathEncoding.php(28): Illuminate/Pipeline/Pipeline->{closure:{closure:Illuminate/Pipeline/Pipeline::carry():194}:195}()
#56 C:/Users/laila qadri/OneDrive/Documents/ProjectCCTanah/vendor/laravel/framework/src/Illuminate/Pipeline/Pipeline.php(219): Illuminate/Http/Middleware/ValidatePathEncoding->handle()
#57 C:/Users/laila qadri/OneDrive/Documents/ProjectCCTanah/vendor/laravel/framework/src/Illuminate/Pipeline/Pipeline.php(137): Illuminate/Pipeline/Pipeline->{closure:{closure:Illuminate/Pipeline/Pipeline::carry():194}:195}()
#58 C:/Users/laila qadri/OneDrive/Documents/ProjectCCTanah/vendor/laravel/framework/src/Illuminate/Foundation/Http/Kernel.php(175): Illuminate/Pipeline/Pipeline->then()
#59 C:/Users/laila qadri/OneDrive/Documents/ProjectCCTanah/vendor/laravel/framework/src/Illuminate/Foundation/Http/Kernel.php(144): Illuminate/Foundation/Http/Kernel->sendRequestThroughRouter()
#60 C:/Users/laila qadri/OneDrive/Documents/ProjectCCTanah/vendor/laravel/framework/src/Illuminate/Foundation/Application.php(1220): Illuminate/Foundation/Http/Kernel->handle()
#61 C:/Users/laila qadri/OneDrive/Documents/ProjectCCTanah/public/index.php(20): Illuminate/Foundation/Application->handleRequest()
#62 C:/Users/laila qadri/OneDrive/Documents/ProjectCCTanah/vendor/laravel/framework/src/Illuminate/Foundation/resources/server.php(23): require_once('...')
#63 {main}
"} 
